发送1  5秒发送的消息数:71556
发送消息QPS:14311
==================================


接收1  5秒收到的消息数:55751
接收消息QPS:11150
==================================


发送1  5秒发送的消息数:78553
发送消息QPS:15710
==================================


接收1  5秒收到的消息数:85478
接收消息QPS:17095
==================================


发送1  5秒发送的消息数:82085
发送消息QPS:16417
==================================


接收1  5秒收到的消息数:86330
接收消息QPS:17266
==================================


发送1  5秒发送的消息数:87482
发送消息QPS:17496
==================================


接收1  5秒收到的消息数:86320
接收消息QPS:17264
==================================


发送1  5秒发送的消息数:85397
发送消息QPS:17079
==================================


接收1  5秒收到的消息数:85999
接收消息QPS:17199
==================================


发送1  5秒发送的消息数:87003
发送消息QPS:17400
==================================


接收1  5秒收到的消息数:86348
接收消息QPS:17269
==================================


发送1  5秒发送的消息数:87696
发送消息QPS:17539
==================================


接收1  5秒收到的消息数:82438
接收消息QPS:16487
==================================


发送1  5秒发送的消息数:83371
发送消息QPS:16674
==================================


接收1  5秒收到的消息数:86064
接收消息QPS:17212
==================================


发送1  5秒发送的消息数:84577
发送消息QPS:16915
==================================


接收1  5秒收到的消息数:84032
接收消息QPS:16806
==================================


发送1  5秒发送的消息数:85846
发送消息QPS:17169
==================================


接收1  5秒收到的消息数:88709
接收消息QPS:17741
==================================


发送1  5秒发送的消息数:85926
发送消息QPS:17185
==================================


接收1  5秒收到的消息数:81410
接收消息QPS:16282
==================================


发送1  5秒发送的消息数:80123
发送消息QPS:16024
==================================


接收1  5秒收到的消息数:85583
接收消息QPS:17116
==================================


发送1  5秒发送的消息数:89618
发送消息QPS:17923
==================================


接收1  5秒收到的消息数:82180
接收消息QPS:16436
==================================


发送1  5秒发送的消息数:81160
发送消息QPS:16232
==================================


接收1  5秒收到的消息数:83381
接收消息QPS:16676
==================================


发送1  5秒发送的消息数:83808
发送消息QPS:16761
==================================


接收1  5秒收到的消息数:87644
接收消息QPS:17528
==================================


发送1  5秒发送的消息数:87594
发送消息QPS:17518
==================================


接收1  5秒收到的消息数:87063
接收消息QPS:17412
==================================


发送1  5秒发送的消息数:85918
发送消息QPS:17183
==================================


接收1  5秒收到的消息数:84763
接收消息QPS:16952
==================================


发送1  5秒发送的消息数:85342
发送消息QPS:17068
==================================


接收1  5秒收到的消息数:86342
接收消息QPS:17268
==================================


发送1  5秒发送的消息数:87481
发送消息QPS:17496
==================================


接收1  5秒收到的消息数:87913
接收消息QPS:17582
==================================


发送1  5秒发送的消息数:87089
发送消息QPS:17417
==================================


接收1  5秒收到的消息数:87281
接收消息QPS:17456
==================================


发送1  5秒发送的消息数:88093
发送消息QPS:17618
==================================


接收1  5秒收到的消息数:87297
接收消息QPS:17459
==================================


发送1  5秒发送的消息数:85770
发送消息QPS:17154
==================================


