发送1  5秒发送的消息数:31684
发送消息QPS:6336
==================================


接收1  5秒收到的消息数:31772
接收消息QPS:6354
==================================


发送1  5秒发送的消息数:31446
发送消息QPS:6289
==================================


接收1  5秒收到的消息数:31109
接收消息QPS:6221
==================================


发送1  5秒发送的消息数:30086
发送消息QPS:6017
==================================


接收1  5秒收到的消息数:30540
接收消息QPS:6108
==================================


发送1  5秒发送的消息数:32014
发送消息QPS:6402
==================================


接收1  5秒收到的消息数:31222
接收消息QPS:6244
==================================


发送1  5秒发送的消息数:30258
发送消息QPS:6051
==================================


接收1  5秒收到的消息数:30979
接收消息QPS:6195
==================================


发送1  5秒发送的消息数:31432
发送消息QPS:6286
==================================


接收1  5秒收到的消息数:31303
接收消息QPS:6260
==================================


发送1  5秒发送的消息数:31404
发送消息QPS:6280
==================================


接收1  5秒收到的消息数:31274
接收消息QPS:6254
==================================


发送1  5秒发送的消息数:30944
发送消息QPS:6188
==================================


接收1  5秒收到的消息数:30734
接收消息QPS:6146
==================================


发送1  5秒发送的消息数:30677
发送消息QPS:6135
==================================


接收1  5秒收到的消息数:30914
接收消息QPS:6182
==================================


发送1  5秒发送的消息数:31002
发送消息QPS:6200
==================================


接收1  5秒收到的消息数:30835
接收消息QPS:6167
==================================


发送1  5秒发送的消息数:30707
发送消息QPS:6141
==================================


接收1  5秒收到的消息数:30640
接收消息QPS:6128
==================================


发送1  5秒发送的消息数:30557
发送消息QPS:6111
==================================


接收1  5秒收到的消息数:30499
接收消息QPS:6099
==================================


发送1  5秒发送的消息数:30460
发送消息QPS:6092
==================================


接收1  5秒收到的消息数:30383
接收消息QPS:6076
==================================


发送1  5秒发送的消息数:30116
发送消息QPS:6023
==================================


接收1  5秒收到的消息数:30014
接收消息QPS:6002
==================================


发送1  5秒发送的消息数:30684
发送消息QPS:6136
==================================


接收1  5秒收到的消息数:30848
接收消息QPS:6169
==================================


发送1  5秒发送的消息数:30756
发送消息QPS:6151
==================================


