发送1  5秒发送的消息数:88092
发送消息QPS:17618
==================================


接收2  5秒收到的消息数:45181
接收1  5秒收到的消息数:45182
接收消息QPS:9036
接收消息QPS:9036
==================================
==================================




发送1  5秒发送的消息数:90442
发送消息QPS:18088
==================================


接收2  5秒收到的消息数:45269
接收1  5秒收到的消息数:45321
接收消息QPS:9053
接收消息QPS:9064
==================================
==================================


发送1  5秒发送的消息数:89783
发送消息QPS:17956
==================================


接收1  5秒收到的消息数:42827
接收消息QPS:8555
接收消息QPS:8565
==================================
==================================




发送1  5秒发送的消息数:87389
发送消息QPS:17477
==================================


接收2  5秒收到的消息数:41832
接收消息QPS:8366
接收消息QPS:8366
==================================


==================================


发送1  5秒发送的消息数:85531
发送消息QPS:17106
==================================


接收2  5秒收到的消息数:43300
接收1  5秒收到的消息数:43299
接收消息QPS:8660
接收消息QPS:8659
==================================
==================================


发送1  5秒发送的消息数:84895
发送消息QPS:16979
==================================


接收1  5秒收到的消息数:43721
接收消息QPS:8744
接收2  5秒收到的消息数:43772
==================================
接收消息QPS:8754


==================================


发送1  5秒发送的消息数:88916
发送消息QPS:17783
==================================


接收2  5秒收到的消息数:42673
接收1  5秒收到的消息数:42676
接收消息QPS:8534
接收消息QPS:8535
==================================
==================================




发送1  5秒发送的消息数:80456
发送消息QPS:16091
==================================


接收2  5秒收到的消息数:43398
接收1  5秒收到的消息数:43397
接收消息QPS:8679
接收消息QPS:8679
==================================
==================================




发送1  5秒发送的消息数:87940
发送消息QPS:17588
==================================


接收2  5秒收到的消息数:43532
接收1  5秒收到的消息数:43531
接收消息QPS:8706
接收消息QPS:8706
==================================


==================================


发送1  5秒发送的消息数:92440
发送消息QPS:18488
==================================


接收1  5秒收到的消息数:40866
接收2  5秒收到的消息数:40866
接收消息QPS:8173
接收消息QPS:8173
============


==================================


发送1  5秒发送的消息数:84220
发送消息QPS:16844
==================================


接收1  5秒收到的消息数:41309
接收2  5秒收到的消息数:41259
接收消息QPS:8261
==================================
接收消息QPS:8251


==================================


发送1  5秒发送的消息数:81656
发送消息QPS:16331
==================================


接收2  5秒收到的消息数:42827
接收消息QPS:8573
接收消息QPS:8565
==================================
==================================




发送1  5秒发送的消息数:85175
发送消息QPS:17035
==================================


接收1  5秒收到的消息数:41498
接收消息QPS:8299
接收消息QPS:8299
==================================
==================================




发送1  5秒发送的消息数:80364
发送消息QPS:16072
==================================


接收1  5秒收到的消息数:42677
接收消息QPS:8535
==================================


接收2  5秒收到的消息数:42677
接收消息QPS:8535
==================================


发送1  5秒发送的消息数:82252
发送消息QPS:16450
==================================


接收2  5秒收到的消息数:39111
接收消息QPS:7822
接收消息QPS:7822
==================================
==================================




发送1  5秒发送的消息数:79062
发送消息QPS:15812
==================================


接收2  5秒收到的消息数:40543
接收消息QPS:8108
==================================
接收1  5秒收到的消息数:40543
接收消息QPS:8108
==================================




发送1  5秒发送的消息数:87402
发送消息QPS:17480
==================================


接收1  5秒收到的消息数:43158
接收消息QPS:8631
==================================
接收2  5秒收到的消息数:43147
接收消息QPS:8629
==================================


发送1  5秒发送的消息数:85091
发送消息QPS:17018
==================================


接收2  5秒收到的消息数:42758
接收1  5秒收到的消息数:42801
接收消息QPS:8551
==================================
接收消息QPS:8560


==================================


发送1  5秒发送的消息数:85415
发送消息QPS:17083
==================================


接收2  5秒收到的消息数:43062
接收消息QPS:8603
接收消息QPS:8612
==================================
==================================




发送1  5秒发送的消息数:81948
发送消息QPS:16389
==================================


接收1  5秒收到的消息数:44448
接收2  5秒收到的消息数:44448
接收消息QPS:8889
接收消息QPS:8889
==================================
==================================




发送1  5秒发送的消息数:92418
发送消息QPS:18483
==================================


接收1  5秒收到的消息数:44430
接收消息QPS:8886
==================================


==================================


发送1  5秒发送的消息数:86419
发送消息QPS:17283
==================================


接收1  5秒收到的消息数:44005
接收2  5秒收到的消息数:44004
接收消息QPS:8801
接收消息QPS:8800
==================================
==================================




发送1  5秒发送的消息数:87725
发送消息QPS:17545
==================================


接收2  5秒收到的消息数:41668
接收消息QPS:8323
接收消息QPS:8333
==================================
==================================




发送1  5秒发送的消息数:83356
发送消息QPS:16671
==================================


接收2  5秒收到的消息数:42165
接收消息QPS:8433
接收1  5秒收到的消息数:42115
接收消息QPS:8423
==================================


==================================


发送1  5秒发送的消息数:88435
发送消息QPS:17687
==================================


接收1  5秒收到的消息数:43734
接收消息QPS:8746
==================================


接收2  5秒收到的消息数:43735
接收消息QPS:8747
==================================


发送1  5秒发送的消息数:83432
发送消息QPS:16686
==================================


