发送1  5秒发送的消息数:69809
发送消息QPS:13961
==================================


接收1  5秒收到的消息数:50501
接收消息QPS:10100
==================================


发送1  5秒发送的消息数:40110
发送消息QPS:8022
==================================


接收1  5秒收到的消息数:79128
接收消息QPS:15825
==================================


发送1  5秒发送的消息数:73725
发送消息QPS:14745
==================================


接收1  5秒收到的消息数:87002
接收消息QPS:17400
==================================


发送1  5秒发送的消息数:87693
发送消息QPS:17538
==================================


接收1  5秒收到的消息数:86846
接收消息QPS:17369
==================================


发送1  5秒发送的消息数:86267
发送消息QPS:17253
==================================


接收1  5秒收到的消息数:87922
接收消息QPS:17584
==================================


发送1  5秒发送的消息数:87341
发送消息QPS:17468
==================================


接收1  5秒收到的消息数:84949
接收消息QPS:16989
==================================


