

发送1  5秒发送的消息数:27708
发送消息QPS:5541
==================================


接收1  5秒收到的消息数:41575
接收消息QPS:8315
==================================


发送1  5秒发送的消息数:31739
发送消息QPS:6347
==================================


接收1  5秒收到的消息数:41847
接收消息QPS:8369
==================================


发送1  5秒发送的消息数:38926
发送消息QPS:7785
==================================


接收1  5秒收到的消息数:41318
接收消息QPS:8263
==================================


发送1  5秒发送的消息数:42603
发送消息QPS:8520
==================================


接收1  5秒收到的消息数:40353
接收消息QPS:8070
==================================


发送1  5秒发送的消息数:40000
发送消息QPS:8000
==================================


接收1  5秒收到的消息数:40484
接收消息QPS:8096
==================================


发送1  5秒发送的消息数:39257
发送消息QPS:7851
==================================


接收1  5秒收到的消息数:40514
接收消息QPS:8102
==================================


发送1  5秒发送的消息数:39139
发送消息QPS:7827
==================================


接收1  5秒收到的消息数:39759
接收消息QPS:7951
==================================


发送1  5秒发送的消息数:41319
发送消息QPS:8263
==================================


接收1  5秒收到的消息数:41000
接收消息QPS:8200
==================================


发送1  5秒发送的消息数:39425
发送消息QPS:7885
==================================


接收1  5秒收到的消息数:38902
接收消息QPS:7780
==================================


发送1  5秒发送的消息数:46131
发送消息QPS:9226
==================================


接收1  5秒收到的消息数:39464
接收消息QPS:7892
==================================


发送1  5秒发送的消息数:35082
发送消息QPS:7016
==================================


接收1  5秒收到的消息数:41821
接收消息QPS:8364
==================================


发送1  5秒发送的消息数:40821
发送消息QPS:8164
==================================


接收1  5秒收到的消息数:40949
接收消息QPS:8189
==================================


