发送1  5秒发送的消息数:29364
发送消息QPS:5872
==================================


接收1  5秒收到的消息数:30235
接收消息QPS:6047
==================================


发送1  5秒发送的消息数:30100
发送消息QPS:6020
==================================


接收1  5秒收到的消息数:29585
接收消息QPS:5917
==================================


发送1  5秒发送的消息数:29496
发送消息QPS:5899
==================================


接收1  5秒收到的消息数:29977
接收消息QPS:5995
==================================


发送1  5秒发送的消息数:30194
发送消息QPS:6038
==================================


接收1  5秒收到的消息数:30229
接收消息QPS:6045
==================================


发送1  5秒发送的消息数:30274
发送消息QPS:6054
==================================


接收1  5秒收到的消息数:30358
接收消息QPS:6071
==================================


发送1  5秒发送的消息数:30432
发送消息QPS:6086
==================================


接收1  5秒收到的消息数:30448
接收消息QPS:6089
==================================


发送1  5秒发送的消息数:30345
发送消息QPS:6069
==================================


接收1  5秒收到的消息数:30264
接收消息QPS:6052
==================================


发送1  5秒发送的消息数:30125
发送消息QPS:6025
==================================


接收1  5秒收到的消息数:30169
接收消息QPS:6033
==================================


发送1  5秒发送的消息数:30300
发送消息QPS:6060
==================================


接收1  5秒收到的消息数:30397
接收消息QPS:6079
==================================


发送1  5秒发送的消息数:30444
发送消息QPS:6088
==================================


接收1  5秒收到的消息数:30360
接收消息QPS:6072
==================================


发送1  5秒发送的消息数:30358
发送消息QPS:6071
==================================


接收1  5秒收到的消息数:30325
接收消息QPS:6065
==================================


发送1  5秒发送的消息数:30384
发送消息QPS:6076
==================================


接收1  5秒收到的消息数:30156
接收消息QPS:6031
==================================


