发送1  5秒发送的消息数:32556
发送消息QPS:6511
==================================


接收2  5秒收到的消息数:16967
接收消息QPS:3393
==================================


接收1  5秒收到的消息数:16958
接收消息QPS:3391
==================================


发送1  5秒发送的消息数:33732
发送消息QPS:6746
==================================


接收2  5秒收到的消息数:16623
接收消息QPS:3324
==================================


接收1  5秒收到的消息数:16630
接收消息QPS:3326
==================================


发送1  5秒发送的消息数:33332
发送消息QPS:6666
==================================


接收2  5秒收到的消息数:16770
接收消息QPS:3354
==================================


接收1  5秒收到的消息数:16767
接收消息QPS:3353
==================================


发送1  5秒发送的消息数:31454
发送消息QPS:6290
==================================


接收2  5秒收到的消息数:15127
接收消息QPS:3025
==================================


接收1  5秒收到的消息数:15124
接收消息QPS:3024
==================================


发送1  5秒发送的消息数:31008
发送消息QPS:6201
==================================


接收2  5秒收到的消息数:15978
接收消息QPS:3195
==================================


接收1  5秒收到的消息数:15972
接收消息QPS:3194
==================================


发送1  5秒发送的消息数:32818
发送消息QPS:6563
==================================


接收2  5秒收到的消息数:16491
接收消息QPS:3298
==================================


接收1  5秒收到的消息数:16518
接收消息QPS:3303
==================================


发送1  5秒发送的消息数:34096
发送消息QPS:6819
==================================


接收2  5秒收到的消息数:17266
接收消息QPS:3453
==================================


接收1  5秒收到的消息数:17263
接收消息QPS:3452
==================================


发送1  5秒发送的消息数:34718
发送消息QPS:6943
==================================


接收2  5秒收到的消息数:17178
接收消息QPS:3435
==================================


接收1  5秒收到的消息数:17167
接收消息QPS:3433
==================================


发送1  5秒发送的消息数:33906
发送消息QPS:6781
==================================


接收2  5秒收到的消息数:17118
接收消息QPS:3423
==================================


接收1  5秒收到的消息数:17111
接收消息QPS:3422
==================================


发送1  5秒发送的消息数:34532
发送消息QPS:6906
==================================


接收2  5秒收到的消息数:17019
接收消息QPS:3403
==================================


接收1  5秒收到的消息数:17023
接收消息QPS:3404
==================================


发送1  5秒发送的消息数:32288
发送消息QPS:6457
==================================


接收2  5秒收到的消息数:16000
接收消息QPS:3200
==================================


接收1  5秒收到的消息数:15997
接收消息QPS:3199
==================================


发送1  5秒发送的消息数:31862
发送消息QPS:6372
==================================


接收2  5秒收到的消息数:15247
接收消息QPS:3049
==================================


接收1  5秒收到的消息数:15256
接收消息QPS:3051
==================================


发送1  5秒发送的消息数:31562
发送消息QPS:6312
==================================


接收2  5秒收到的消息数:16713
接收消息QPS:3342
==================================


接收1  5秒收到的消息数:16713
接收消息QPS:3342
==================================


发送1  5秒发送的消息数:34653
发送消息QPS:6930
==================================


接收2  5秒收到的消息数:17414
接收消息QPS:3482
==================================


接收1  5秒收到的消息数:17409
接收消息QPS:3481
==================================


发送1  5秒发送的消息数:34418
发送消息QPS:6883
==================================


接收2  5秒收到的消息数:16611
接收消息QPS:3322
==================================


接收1  5秒收到的消息数:16610
接收消息QPS:3322
==================================


发送1  5秒发送的消息数:31020
发送消息QPS:6204
==================================


接收2  5秒收到的消息数:15410
接收消息QPS:3082
==================================


接收1  5秒收到的消息数:15405
接收消息QPS:3081
==================================


发送1  5秒发送的消息数:31028
发送消息QPS:6205
==================================


接收2  5秒收到的消息数:15766
接收消息QPS:3153
==================================


接收1  5秒收到的消息数:15773
接收消息QPS:3154
==================================


发送1  5秒发送的消息数:33275
发送消息QPS:6655
==================================


接收2  5秒收到的消息数:17047
接收消息QPS:3409
==================================


接收1  5秒收到的消息数:17050
接收消息QPS:3410
==================================


发送1  5秒发送的消息数:34150
发送消息QPS:6830
==================================


接收2  5秒收到的消息数:17280
接收消息QPS:3456
==================================


接收1  5秒收到的消息数:17278
接收消息QPS:3455
==================================


发送1  5秒发送的消息数:34100
发送消息QPS:6820
==================================


接收2  5秒收到的消息数:16358
接收消息QPS:3271
==================================


接收1  5秒收到的消息数:16356
接收消息QPS:3271
==================================


发送1  5秒发送的消息数:30226
发送消息QPS:6045
==================================


接收2  5秒收到的消息数:14669
接收消息QPS:2933
==================================


接收1  5秒收到的消息数:14669
接收消息QPS:2933
==================================


发送1  5秒发送的消息数:30807
发送消息QPS:6161
==================================


接收2  5秒收到的消息数:15777
接收消息QPS:3155
==================================


接收1  5秒收到的消息数:15774
接收消息QPS:3154
==================================


发送1  5秒发送的消息数:31067
发送消息QPS:6213
==================================


接收2  5秒收到的消息数:15517
接收消息QPS:3103
==================================


接收1  5秒收到的消息数:15515
接收消息QPS:3103
==================================


发送1  5秒发送的消息数:31344
发送消息QPS:6268
==================================


接收2  5秒收到的消息数:15676
接收消息QPS:3135
==================================


接收1  5秒收到的消息数:15680
接收消息QPS:3136
==================================


发送1  5秒发送的消息数:30996
发送消息QPS:6199
==================================


接收2  5秒收到的消息数:15436
接收消息QPS:3087
==================================


接收1  5秒收到的消息数:15436
接收消息QPS:3087
==================================


发送1  5秒发送的消息数:31368
发送消息QPS:6273
==================================


接收2  5秒收到的消息数:15790
接收消息QPS:3158
==================================


接收1  5秒收到的消息数:15791
接收消息QPS:3158
==================================


发送1  5秒发送的消息数:31472
发送消息QPS:6294
==================================


接收2  5秒收到的消息数:15775
接收消息QPS:3155
==================================


接收1  5秒收到的消息数:15776
接收消息QPS:3155
==================================


发送1  5秒发送的消息数:31144
发送消息QPS:6228
==================================


接收2  5秒收到的消息数:15488
接收消息QPS:3097
==================================


接收1  5秒收到的消息数:15488
接收消息QPS:3097
==================================


