发送1  5秒发送的消息数:24926
发送消息QPS:4985
==================================


接收1  5秒收到的消息数:12010
接收消息QPS:2402
==================================


接收2  5秒收到的消息数:11990
接收消息QPS:2398
==================================


发送1  5秒发送的消息数:24148
发送消息QPS:4829
==================================


接收1  5秒收到的消息数:12112
接收消息QPS:2422
==================================


接收2  5秒收到的消息数:12127
接收消息QPS:2425
==================================


发送1  5秒发送的消息数:23242
发送消息QPS:4648
==================================


接收1  5秒收到的消息数:11555
接收消息QPS:2311
==================================


接收2  5秒收到的消息数:11554
接收消息QPS:2310
==================================


发送1  5秒发送的消息数:24928
发送消息QPS:4985
==================================


接收1  5秒收到的消息数:13022
接收消息QPS:2604
==================================


接收2  5秒收到的消息数:13006
接收消息QPS:2601
==================================


发送1  5秒发送的消息数:26404
发送消息QPS:5280
==================================


接收1  5秒收到的消息数:12807
接收消息QPS:2561
==================================


接收2  5秒收到的消息数:12638
接收消息QPS:2527
==================================


发送1  5秒发送的消息数:26594
发送消息QPS:5318
==================================


接收1  5秒收到的消息数:12542
接收消息QPS:2508
==================================


接收2  5秒收到的消息数:12273
接收消息QPS:2454
==================================


发送1  5秒发送的消息数:24788
发送消息QPS:4957
==================================


接收1  5秒收到的消息数:11942
接收消息QPS:2388
==================================


接收2  5秒收到的消息数:13176
接收消息QPS:2635
==================================


发送1  5秒发送的消息数:26240
发送消息QPS:5248
==================================


接收1  5秒收到的消息数:12668
接收消息QPS:2533
==================================


接收2  5秒收到的消息数:11716
接收消息QPS:2343
==================================


发送1  5秒发送的消息数:26073
发送消息QPS:5214
==================================


接收1  5秒收到的消息数:12756
接收消息QPS:2551
==================================


接收2  5秒收到的消息数:12162
接收消息QPS:2432
==================================


发送1  5秒发送的消息数:26830
发送消息QPS:5366
==================================


接收1  5秒收到的消息数:13420
接收消息QPS:2684
==================================


接收2  5秒收到的消息数:13700
接收消息QPS:2740
==================================


发送1  5秒发送的消息数:26102
发送消息QPS:5220
==================================


接收1  5秒收到的消息数:15436
接收消息QPS:3087
==================================


接收2  5秒收到的消息数:15412
接收消息QPS:3082
==================================


发送1  5秒发送的消息数:26722
发送消息QPS:5344
==================================


接收1  5秒收到的消息数:11932
接收消息QPS:2386
==================================


接收2  5秒收到的消息数:12633
接收消息QPS:2526
==================================


发送1  5秒发送的消息数:26926
发送消息QPS:5385
==================================


接收1  5秒收到的消息数:12298
接收消息QPS:2459
==================================


接收2  5秒收到的消息数:12459
接收消息QPS:2491
==================================


发送1  5秒发送的消息数:26477
发送消息QPS:5295
==================================


接收1  5秒收到的消息数:12352
接收消息QPS:2470
==================================


接收2  5秒收到的消息数:12436
接收消息QPS:2487
==================================


发送1  5秒发送的消息数:25803
发送消息QPS:5160
==================================


接收1  5秒收到的消息数:12212
接收消息QPS:2442
==================================


接收2  5秒收到的消息数:12718
接收消息QPS:2543
==================================


发送1  5秒发送的消息数:25782
发送消息QPS:5156
==================================


接收1  5秒收到的消息数:12396
接收消息QPS:2479
==================================


接收2  5秒收到的消息数:12764
接收消息QPS:2552
==================================


发送1  5秒发送的消息数:24004
发送消息QPS:4800
==================================


接收1  5秒收到的消息数:12690
接收消息QPS:2538
==================================


接收2  5秒收到的消息数:12420
接收消息QPS:2484
==================================


发送1  5秒发送的消息数:23330
发送消息QPS:4666
==================================


接收1  5秒收到的消息数:12508
接收消息QPS:2501
==================================


接收2  5秒收到的消息数:12601
接收消息QPS:2520
==================================


发送1  5秒发送的消息数:26288
发送消息QPS:5257
==================================


接收1  5秒收到的消息数:12200
接收消息QPS:2440
==================================


接收2  5秒收到的消息数:12315
接收消息QPS:2463
==================================


发送1  5秒发送的消息数:25022
发送消息QPS:5004
==================================


接收1  5秒收到的消息数:12912
接收消息QPS:2582
==================================


接收2  5秒收到的消息数:11992
接收消息QPS:2398
==================================


发送1  5秒发送的消息数:25858
发送消息QPS:5171
==================================


接收1  5秒收到的消息数:12242
接收消息QPS:2448
==================================


接收2  5秒收到的消息数:12982
接收消息QPS:2596
==================================


发送1  5秒发送的消息数:23716
发送消息QPS:4743
==================================


接收1  5秒收到的消息数:11929
接收消息QPS:2385
==================================


接收2  5秒收到的消息数:13024
接收消息QPS:2604
==================================


发送1  5秒发送的消息数:26128
发送消息QPS:5225
==================================


接收1  5秒收到的消息数:12631
接收消息QPS:2526
==================================


接收2  5秒收到的消息数:12182
接收消息QPS:2436
==================================


发送1  5秒发送的消息数:24914
发送消息QPS:4982
==================================


接收1  5秒收到的消息数:12941
接收消息QPS:2588
==================================


接收2  5秒收到的消息数:12052
接收消息QPS:2410
==================================


发送1  5秒发送的消息数:23273
发送消息QPS:4654
==================================


接收1  5秒收到的消息数:12509
接收消息QPS:2501
==================================


接收2  5秒收到的消息数:12299
接收消息QPS:2459
==================================


发送1  5秒发送的消息数:24568
发送消息QPS:4913
==================================


接收1  5秒收到的消息数:12947
接收消息QPS:2589
==================================


接收2  5秒收到的消息数:12291
接收消息QPS:2458
==================================


发送1  5秒发送的消息数:24716
发送消息QPS:4943
==================================


接收1  5秒收到的消息数:12361
接收消息QPS:2472
==================================


接收2  5秒收到的消息数:12762
接收消息QPS:2552
==================================


发送1  5秒发送的消息数:25094
发送消息QPS:5018
==================================


接收1  5秒收到的消息数:12678
接收消息QPS:2535
==================================


接收2  5秒收到的消息数:12344
接收消息QPS:2468
==================================


发送1  5秒发送的消息数:25816
发送消息QPS:5163
==================================


接收1  5秒收到的消息数:13146
接收消息QPS:2629
==================================


接收2  5秒收到的消息数:12044
接收消息QPS:2408
==================================


发送1  5秒发送的消息数:25890
发送消息QPS:5178
==================================


接收1  5秒收到的消息数:12809
接收消息QPS:2561
==================================


接收2  5秒收到的消息数:12531
接收消息QPS:2506
==================================


发送1  5秒发送的消息数:20084
发送消息QPS:4016
==================================


接收1  5秒收到的消息数:12780
接收消息QPS:2556
==================================


接收2  5秒收到的消息数:12465
接收消息QPS:2493
==================================


发送1  5秒发送的消息数:25814
发送消息QPS:5162
==================================


接收1  5秒收到的消息数:12744
接收消息QPS:2548
==================================


接收2  5秒收到的消息数:13015
接收消息QPS:2603
==================================


发送1  5秒发送的消息数:26038
发送消息QPS:5207
==================================


接收1  5秒收到的消息数:12981
接收消息QPS:2596
==================================


接收2  5秒收到的消息数:12237
接收消息QPS:2447
==================================


发送1  5秒发送的消息数:26706
发送消息QPS:5341
==================================


接收1  5秒收到的消息数:12031
接收消息QPS:2406
==================================


接收2  5秒收到的消息数:12690
接收消息QPS:2538
==================================


发送1  5秒发送的消息数:26058
发送消息QPS:5211
==================================


接收1  5秒收到的消息数:12598
接收消息QPS:2519
==================================


接收2  5秒收到的消息数:12224
接收消息QPS:2444
==================================


