发送1  5秒发送的消息数:30074
发送消息QPS:6014
==================================


接收4  5秒收到的消息数:10323
接收消息QPS:2064
==================================


接收2  5秒收到的消息数:10107
接收消息QPS:2021
==================================


接收1  5秒收到的消息数:9970
接收消息QPS:1994
==================================


接收3  5秒收到的消息数:9984
接收消息QPS:1996
==================================


发送1  5秒发送的消息数:28618
发送消息QPS:5723
==================================


接收4  5秒收到的消息数:7728
接收消息QPS:1545
==================================


接收2  5秒收到的消息数:7717
接收消息QPS:1543
==================================


接收1  5秒收到的消息数:7717
接收消息QPS:1543
==================================


接收3  5秒收到的消息数:7719
接收消息QPS:1543
==================================


发送1  5秒发送的消息数:31176
发送消息QPS:6235
==================================


接收4  5秒收到的消息数:7962
接收消息QPS:1592
==================================


接收2  5秒收到的消息数:7975
接收消息QPS:1595
==================================


接收1  5秒收到的消息数:7978
接收消息QPS:1595
==================================


接收3  5秒收到的消息数:7981
接收消息QPS:1596
==================================


发送1  5秒发送的消息数:32512
发送消息QPS:6502
==================================


接收4  5秒收到的消息数:8049
接收消息QPS:1609
==================================


接收2  5秒收到的消息数:8049
接收消息QPS:1609
==================================


接收1  5秒收到的消息数:8049
接收消息QPS:1609
==================================


接收3  5秒收到的消息数:8046
接收消息QPS:1609
==================================


发送1  5秒发送的消息数:31029
发送消息QPS:6205
==================================


接收4  5秒收到的消息数:7352
接收消息QPS:1470
==================================


接收2  5秒收到的消息数:7348
接收消息QPS:1469
==================================


接收1  5秒收到的消息数:7359
接收消息QPS:1471
==================================


接收3  5秒收到的消息数:7350
接收消息QPS:1470
==================================


发送1  5秒发送的消息数:31424
发送消息QPS:6284
==================================


接收4  5秒收到的消息数:8209
接收消息QPS:1641
==================================


接收2  5秒收到的消息数:8209
接收消息QPS:1641
==================================


接收1  5秒收到的消息数:8201
接收消息QPS:1640
==================================


接收3  5秒收到的消息数:8215
接收消息QPS:1643
==================================


发送1  5秒发送的消息数:33021
发送消息QPS:6604
==================================


