发送1  5秒发送的消息数:41521
发送消息QPS:8304
==================================


接收1  5秒收到的消息数:20570
接收消息QPS:4114
==================================


接收2  5秒收到的消息数:20575
接收消息QPS:4115
==================================


发送1  5秒发送的消息数:39386
发送消息QPS:7877
==================================


接收1  5秒收到的消息数:20862
接收消息QPS:4172
==================================


接收2  5秒收到的消息数:20884
接收消息QPS:4176
==================================


发送1  5秒发送的消息数:39782
发送消息QPS:7956
==================================


接收1  5秒收到的消息数:19815
接收消息QPS:3963
==================================


接收2  5秒收到的消息数:19808
接收消息QPS:3961
==================================


发送1  5秒发送的消息数:43700
发送消息QPS:8740
==================================


接收1  5秒收到的消息数:21022
接收消息QPS:4204
==================================


接收2  5秒收到的消息数:21016
接收消息QPS:4203
==================================


发送1  5秒发送的消息数:41443
发送消息QPS:8288
==================================


接收1  5秒收到的消息数:20597
接收消息QPS:4119
==================================


接收2  5秒收到的消息数:20633
接收消息QPS:4126
==================================


发送1  5秒发送的消息数:39837
发送消息QPS:7967
==================================


接收1  5秒收到的消息数:20481
接收消息QPS:4096
==================================


接收2  5秒收到的消息数:20388
接收消息QPS:4077
==================================


发送1  5秒发送的消息数:41544
发送消息QPS:8308
==================================


接收1  5秒收到的消息数:20847
接收消息QPS:4169
==================================


接收2  5秒收到的消息数:20849
接收消息QPS:4169
==================================


发送1  5秒发送的消息数:43409
发送消息QPS:8681
==================================


接收1  5秒收到的消息数:20427
接收消息QPS:4085
==================================


接收2  5秒收到的消息数:20459
接收消息QPS:4091
==================================


发送1  5秒发送的消息数:38344
发送消息QPS:7668
==================================


接收1  5秒收到的消息数:18455
接收消息QPS:3691
==================================


接收2  5秒收到的消息数:18519
接收消息QPS:3703
==================================


发送1  5秒发送的消息数:37697
发送消息QPS:7539
==================================


接收1  5秒收到的消息数:20321
接收消息QPS:4064
==================================


接收2  5秒收到的消息数:20336
接收消息QPS:4067
==================================


发送1  5秒发送的消息数:41545
发送消息QPS:8309
==================================


接收1  5秒收到的消息数:20785
接收消息QPS:4157
==================================


接收2  5秒收到的消息数:20856
接收消息QPS:4171
==================================


发送1  5秒发送的消息数:41885
发送消息QPS:8377
==================================


接收1  5秒收到的消息数:19579
接收消息QPS:3915
==================================


接收2  5秒收到的消息数:19605
接收消息QPS:3921
==================================


发送1  5秒发送的消息数:40032
发送消息QPS:8006
==================================


接收1  5秒收到的消息数:20519
接收消息QPS:4103
==================================


接收2  5秒收到的消息数:20537
接收消息QPS:4107
==================================


发送1  5秒发送的消息数:38509
发送消息QPS:7701
==================================


接收1  5秒收到的消息数:20158
接收消息QPS:4031
==================================


接收2  5秒收到的消息数:20251
接收消息QPS:4050
==================================


发送1  5秒发送的消息数:41224
发送消息QPS:8244
==================================


接收1  5秒收到的消息数:20151
接收消息QPS:4030
==================================


接收2  5秒收到的消息数:20046
接收消息QPS:4009
==================================


发送1  5秒发送的消息数:40271
发送消息QPS:8054
==================================


接收1  5秒收到的消息数:19666
接收消息QPS:3933
==================================


接收2  5秒收到的消息数:19675
接收消息QPS:3935
==================================


发送1  5秒发送的消息数:40888
发送消息QPS:8177
==================================


接收1  5秒收到的消息数:20064
接收消息QPS:4012
==================================


接收2  5秒收到的消息数:20028
接收消息QPS:4005
==================================


发送1  5秒发送的消息数:38838
发送消息QPS:7767
==================================


接收1  5秒收到的消息数:20769
接收消息QPS:4153
==================================


接收2  5秒收到的消息数:20741
接收消息QPS:4148
==================================


发送1  5秒发送的消息数:42082
发送消息QPS:8416
==================================


接收1  5秒收到的消息数:20045
接收消息QPS:4009
==================================


接收2  5秒收到的消息数:19958
接收消息QPS:3991
==================================


发送1  5秒发送的消息数:39689
发送消息QPS:7937
==================================


接收1  5秒收到的消息数:20374
接收消息QPS:4074
==================================


接收2  5秒收到的消息数:20288
接收消息QPS:4057
==================================


发送1  5秒发送的消息数:46395
发送消息QPS:9279
==================================


接收1  5秒收到的消息数:19644
接收消息QPS:3928
==================================


接收2  5秒收到的消息数:19572
接收消息QPS:3914
==================================


发送1  5秒发送的消息数:40142
发送消息QPS:8028
==================================


接收1  5秒收到的消息数:19447
接收消息QPS:3889
==================================


接收2  5秒收到的消息数:19443
接收消息QPS:3888
==================================


发送1  5秒发送的消息数:34646
发送消息QPS:6929
==================================


接收1  5秒收到的消息数:19969
接收消息QPS:3993
==================================


接收2  5秒收到的消息数:19908
接收消息QPS:3981
==================================


发送1  5秒发送的消息数:38056
发送消息QPS:7611
==================================


接收1  5秒收到的消息数:19017
接收消息QPS:3803
==================================


接收2  5秒收到的消息数:19062
接收消息QPS:3812
==================================


发送1  5秒发送的消息数:37528
发送消息QPS:7505
==================================


接收1  5秒收到的消息数:19460
接收消息QPS:3892
==================================


接收2  5秒收到的消息数:19502
接收消息QPS:3900
==================================


