发送1  5秒发送的消息数:90058
发送消息QPS:18011
==================================


接收1  5秒收到的消息数:103249
接收消息QPS:20649
==================================


发送1  5秒发送的消息数:86476
发送消息QPS:17295
==================================


接收1  5秒收到的消息数:82926
接收消息QPS:16585
==================================


发送1  5秒发送的消息数:87634
发送消息QPS:17526
==================================


接收1  5秒收到的消息数:83055
接收消息QPS:16611
==================================


发送1  5秒发送的消息数:86047
发送消息QPS:17209
==================================


接收1  5秒收到的消息数:88302
接收消息QPS:17660
==================================


发送1  5秒发送的消息数:89509
发送消息QPS:17901
==================================


接收1  5秒收到的消息数:89507
接收消息QPS:17901
==================================


发送1  5秒发送的消息数:93301
发送消息QPS:18660
==================================


接收1  5秒收到的消息数:81154
接收消息QPS:16230
==================================


发送1  5秒发送的消息数:83877
发送消息QPS:16775
==================================


接收1  5秒收到的消息数:85411
接收消息QPS:17082
==================================


发送1  5秒发送的消息数:83455
发送消息QPS:16691
==================================


接收1  5秒收到的消息数:86491
接收消息QPS:17298
==================================


发送1  5秒发送的消息数:87358
发送消息QPS:17471
==================================


接收1  5秒收到的消息数:90397
接收消息QPS:18079
==================================


发送1  5秒发送的消息数:87070
发送消息QPS:17414
==================================


接收1  5秒收到的消息数:89109
接收消息QPS:17821
==================================


发送1  5秒发送的消息数:89853
发送消息QPS:17970
==================================


接收1  5秒收到的消息数:89442
接收消息QPS:17888
==================================


发送1  5秒发送的消息数:88280
发送消息QPS:17656
==================================


接收1  5秒收到的消息数:90334
接收消息QPS:18066
==================================


发送1  5秒发送的消息数:91273
发送消息QPS:18254
==================================


接收1  5秒收到的消息数:90415
接收消息QPS:18083
==================================


发送1  5秒发送的消息数:97624
发送消息QPS:19524
==================================


接收1  5秒收到的消息数:85430
接收消息QPS:17086
==================================


发送1  5秒发送的消息数:80785
发送消息QPS:16157
==================================


接收1  5秒收到的消息数:84881
接收消息QPS:16976
==================================


发送1  5秒发送的消息数:81570
发送消息QPS:16314
==================================


接收1  5秒收到的消息数:86989
接收消息QPS:17397
==================================


发送1  5秒发送的消息数:87866
发送消息QPS:17573
==================================


接收1  5秒收到的消息数:88306
接收消息QPS:17661
==================================


发送1  5秒发送的消息数:87039
发送消息QPS:17407
==================================


接收1  5秒收到的消息数:85799
接收消息QPS:17159
==================================


发送1  5秒发送的消息数:89113
发送消息QPS:17822
==================================


接收1  5秒收到的消息数:90580
接收消息QPS:18116
==================================


