发送1  5秒发送的消息数:14972
发送2  5秒发送的消息数:16778
发送消息QPS:3355
==================================


发送消息QPS:2994
==================================


接收1  5秒收到的消息数:29403
接收消息QPS:5880
==================================


发送2  5秒发送的消息数:18659
发送1  5秒发送的消息数:15628
发送消息QPS:3125
发送消息QPS:3731
==================================
==================================




接收1  5秒收到的消息数:24054
接收消息QPS:4810
==================================


发送1  5秒发送的消息数:18608
发送2  5秒发送的消息数:17581
发送消息QPS:3721
==================================


发送消息QPS:3516
==================================


接收1  5秒收到的消息数:25098
接收消息QPS:5019
==================================


发送2  5秒发送的消息数:16610
发送1  5秒发送的消息数:16203
发送消息QPS:3322
发送消息QPS:3240
==================================
==================================




接收1  5秒收到的消息数:24018
接收消息QPS:4803
==================================


发送2  5秒发送的消息数:16533
发送消息QPS:3306
发送消息QPS:3136
==================================
==================================




接收1  5秒收到的消息数:25377
接收消息QPS:5075
==================================


发送2  5秒发送的消息数:16209
发送1  5秒发送的消息数:18738
发送消息QPS:3747
发送消息QPS:3241
==================================
==================================


接收1  5秒收到的消息数:20835
接收消息QPS:4167
==================================


发送1  5秒发送的消息数:18194
发送消息QPS:3367
发送消息QPS:3638
==================================
==================================




接收1  5秒收到的消息数:24815
接收消息QPS:4963
==================================


发送1  5秒发送的消息数:17897
发送消息QPS:3289
发送消息QPS:3579
==================================
==================================




接收1  5秒收到的消息数:23511
接收消息QPS:4702
==================================


发送2  5秒发送的消息数:16043
发送消息QPS:3208
发送消息QPS:3475
==================================
==================================




接收1  5秒收到的消息数:21739
接收消息QPS:4347
==================================


发送2  5秒发送的消息数:15831
发送1  5秒发送的消息数:16995
发送消息QPS:3166
发送消息QPS:3399
==================================
==================================


接收1  5秒收到的消息数:26500
接收消息QPS:5300
==================================


发送1  5秒发送的消息数:17153
发送消息QPS:3188
发送消息QPS:3430
==================================


==================================


接收1  5秒收到的消息数:20850
接收消息QPS:4170
==================================


发送1  5秒发送的消息数:17995
发送消息QPS:3241
发送消息QPS:3599
==================================
==================================




接收1  5秒收到的消息数:23400
接收消息QPS:4680
==================================


发送1  5秒发送的消息数:16206
发送消息QPS:3135
发送消息QPS:3241
==================================
==================================




接收1  5秒收到的消息数:19750
接收消息QPS:3950
==================================


发送1  5秒发送的消息数:15590
发送消息QPS:3118
==================================


发送2  5秒发送的消息数:13856
发送消息QPS:2771
==================================


接收1  5秒收到的消息数:21500
接收消息QPS:4300
==================================


发送1  5秒发送的消息数:16560
发送消息QPS:3312
==================================
==================================




接收1  5秒收到的消息数:22500
接收消息QPS:4500
==================================


发送1  5秒发送的消息数:16493
发送消息QPS:3298
发送消息QPS:3034
==================================


==================================


接收1  5秒收到的消息数:23800
接收消息QPS:4760
==================================


发送2  5秒发送的消息数:14027
发送消息QPS:3163
发送消息QPS:2805
==================================


==================================


接收1  5秒收到的消息数:21500
接收消息QPS:4300
==================================


发送1  5秒发送的消息数:14443
发送消息QPS:3269
==================================
发送消息QPS:2888
==================================


接收1  5秒收到的消息数:20450
接收消息QPS:4090
==================================


发送1  5秒发送的消息数:15079
发送消息QPS:2960
==================================
发送消息QPS:3015


==================================


接收1  5秒收到的消息数:18800
接收消息QPS:3760
==================================


发送2  5秒发送的消息数:14916
发送消息QPS:2983
发送1  5秒发送的消息数:15114
==================================
发送消息QPS:3022


==================================


接收1  5秒收到的消息数:23350
接收消息QPS:4670
==================================


发送1  5秒发送的消息数:17030
发送2  5秒发送的消息数:15211
发送消息QPS:3406
发送消息QPS:3042
==================================




接收1  5秒收到的消息数:23150
接收消息QPS:4630
==================================


发送1  5秒发送的消息数:16694
发送消息QPS:3052
==================================
发送消息QPS:3338


==================================


接收1  5秒收到的消息数:23050
接收消息QPS:4610
==================================


发送2  5秒发送的消息数:15275
发送消息QPS:3303
==================================
==================================




接收1  5秒收到的消息数:21650
接收消息QPS:4330
==================================


发送1  5秒发送的消息数:16522
发送消息QPS:2996
发送消息QPS:3304
==================================
==================================


接收1  5秒收到的消息数:23692
接收消息QPS:4738
==================================


发送1  5秒发送的消息数:15488
发送消息QPS:3097
发送消息QPS:2831
==================================
==================================




接收1  5秒收到的消息数:20065
接收消息QPS:4013
==================================


发送1  5秒发送的消息数:15497
发送消息QPS:2880
发送消息QPS:3099
==================================
==================================


接收1  5秒收到的消息数:28143
接收消息QPS:5628
==================================


发送2  5秒发送的消息数:14855
发送消息QPS:2971
==================================
发送消息QPS:3354
==================================


接收1  5秒收到的消息数:23700
接收消息QPS:4740
==================================


发送2  5秒发送的消息数:14081
发送消息QPS:2816
==================================
发送消息QPS:3032


==================================


接收1  5秒收到的消息数:23300
接收消息QPS:4660
==================================


发送1  5秒发送的消息数:16403
发送消息QPS:2975
==================================
发送消息QPS:3280


==================================


接收1  5秒收到的消息数:19650
接收消息QPS:3930
==================================


发送1  5秒发送的消息数:15552
发送消息QPS:2840
==================================
==================================




接收1  5秒收到的消息数:20726
接收消息QPS:4145
==================================


