发送2  5秒发送的消息数:14747
发送1  5秒发送的消息数:14002
发送消息QPS:2949
发送消息QPS:2800
==================================
==================================


接收1  5秒收到的消息数:20828
接收消息QPS:4165
==================================


发送2  5秒发送的消息数:15245
发送1  5秒发送的消息数:15133
发送消息QPS:3049
发送消息QPS:3026
==================================
==================================




接收1  5秒收到的消息数:23350
接收消息QPS:4670
==================================


发送2  5秒发送的消息数:14234
发送1  5秒发送的消息数:13452
发送消息QPS:2846
发送消息QPS:2690
==================================
==================================




接收1  5秒收到的消息数:29714
接收消息QPS:5942
==================================


发送2  5秒发送的消息数:14216
发送消息QPS:2843
发送消息QPS:2958
==================================


==================================


接收1  5秒收到的消息数:23498
接收消息QPS:4699
==================================


发送2  5秒发送的消息数:14653
发送消息QPS:2930
==================================
发送1  5秒发送的消息数:14178


发送消息QPS:2835
==================================


接收1  5秒收到的消息数:30888
接收消息QPS:6177
==================================


发送2  5秒发送的消息数:10005
发送1  5秒发送的消息数:10474
发送消息QPS:2001
发送消息QPS:2094
==================================
==================================




接收1  5秒收到的消息数:31322
接收消息QPS:6264
==================================


发送2  5秒发送的消息数:10787
发送消息QPS:2224
发送消息QPS:2157
==================================
==================================




接收1  5秒收到的消息数:32877
接收消息QPS:6575
==================================


发送1  5秒发送的消息数:12796
发送消息QPS:2522
==================================
发送消息QPS:2559


==================================


接收1  5秒收到的消息数:37999
接收消息QPS:7599
==================================


发送2  5秒发送的消息数:13845
发送1  5秒发送的消息数:13246
发送消息QPS:2769
==================================
发送消息QPS:2649


==================================


接收1  5秒收到的消息数:30493
接收消息QPS:6098
==================================


发送2  5秒发送的消息数:13858
发送消息QPS:2771
发送消息QPS:2846
==================================
==================================




接收1  5秒收到的消息数:23852
接收消息QPS:4770
==================================


发送2  5秒发送的消息数:13319
发送消息QPS:2777
发送消息QPS:2663
==================================
==================================




接收1  5秒收到的消息数:30848
接收消息QPS:6169
==================================


发送1  5秒发送的消息数:13831
发送2  5秒发送的消息数:12290
发送消息QPS:2766
发送消息QPS:2458
==================================
==================================


接收1  5秒收到的消息数:23769
接收消息QPS:4753
==================================


发送2  5秒发送的消息数:12305
发送消息QPS:2461
发送消息QPS:2751
============


==================================


接收1  5秒收到的消息数:24004
接收消息QPS:4800
==================================


发送1  5秒发送的消息数:13771
发送消息QPS:2718
发送消息QPS:2754
==================================


==================================


接收1  5秒收到的消息数:30535
接收消息QPS:6107
==================================


发送2  5秒发送的消息数:14169
发送1  5秒发送的消息数:13429
发送消息QPS:2833
发送消息QPS:2685
==================================
==================================




接收1  5秒收到的消息数:30318
接收消息QPS:6063
==================================


发送1  5秒发送的消息数:13883
发送消息QPS:2718
发送消息QPS:2776
==================================


==================================


接收1  5秒收到的消息数:25539
接收消息QPS:5107
==================================


发送1  5秒发送的消息数:13121
发送消息QPS:2624
发送消息QPS:2261
==================================
==================================




接收1  5秒收到的消息数:24290
接收消息QPS:4858
==================================


发送1  5秒发送的消息数:12162
发送2  5秒发送的消息数:10476
发送消息QPS:2432
发送消息QPS:2095
==================================


==================================


接收1  5秒收到的消息数:13950
接收消息QPS:2790
==================================


发送1  5秒发送的消息数:6275
发送消息QPS:1351
发送消息QPS:1255
==================================


==================================


接收1  5秒收到的消息数:25002
接收消息QPS:5000
==================================


发送1  5秒发送的消息数:14208
发送消息QPS:3002
发送消息QPS:2841
==================================
==================================




接收1  5秒收到的消息数:26182
接收消息QPS:5236
==================================


发送2  5秒发送的消息数:12256
发送消息QPS:2709
发送消息QPS:2451
==================================
==================================




接收1  5秒收到的消息数:24798
接收消息QPS:4959
==================================


发送2  5秒发送的消息数:11615
发送消息QPS:2649
发送消息QPS:2323
==================================
==================================




接收1  5秒收到的消息数:24808
接收消息QPS:4961
==================================


发送1  5秒发送的消息数:13157
发送2  5秒发送的消息数:12195
发送消息QPS:2631
发送消息QPS:2439
============


==================================


接收1  5秒收到的消息数:24668
接收消息QPS:4933
==================================


发送2  5秒发送的消息数:12417
发送1  5秒发送的消息数:13752
发送消息QPS:2483
发送消息QPS:2750
==================================
==================================




接收1  5秒收到的消息数:24849
接收消息QPS:4969
==================================


发送1  5秒发送的消息数:13688
发送2  5秒发送的消息数:12264
发送消息QPS:2452
==================================


==================================


接收1  5秒收到的消息数:24777
接收消息QPS:4955
==================================


发送1  5秒发送的消息数:13410
发送消息QPS:2537
发送消息QPS:2682
==================================
==================================




接收1  5秒收到的消息数:24561
接收消息QPS:4912
==================================


发送2  5秒发送的消息数:12503
发送1  5秒发送的消息数:13447
发送消息QPS:2500
发送消息QPS:2689
==================================
==================================




接收1  5秒收到的消息数:28518
接收消息QPS:5703
==================================


发送2  5秒发送的消息数:13609
发送1  5秒发送的消息数:13537
发送消息QPS:2707
============
==================================




接收1  5秒收到的消息数:33309
接收消息QPS:6661
==================================


发送1  5秒发送的消息数:14346
发送消息QPS:2869
发送消息QPS:2742
==================================
==================================




接收1  5秒收到的消息数:28052
接收消息QPS:5610
==================================


发送1  5秒发送的消息数:14981
发送消息QPS:3269
==================================


发送消息QPS:2996
==================================


接收1  5秒收到的消息数:31382
接收消息QPS:6276
==================================


