发送1  5秒发送的消息数:39742
发送消息QPS:7948
==================================


接收2  5秒收到的消息数:13194
接收消息QPS:2638
==================================


接收1  5秒收到的消息数:13160
接收消息QPS:2632
==================================


接收3  5秒收到的消息数:13145
接收消息QPS:2629
==================================


发送1  5秒发送的消息数:38985
发送消息QPS:7797
==================================


接收2  5秒收到的消息数:13621
接收消息QPS:2724
==================================


接收1  5秒收到的消息数:13647
接收消息QPS:2729
==================================


接收3  5秒收到的消息数:13643
接收消息QPS:2728
==================================


发送1  5秒发送的消息数:39996
发送消息QPS:7999
==================================


接收2  5秒收到的消息数:13327
接收消息QPS:2665
==================================


接收1  5秒收到的消息数:13347
接收消息QPS:2669
==================================


接收3  5秒收到的消息数:13352
接收消息QPS:2670
==================================


发送1  5秒发送的消息数:38590
发送消息QPS:7718
==================================


接收2  5秒收到的消息数:12549
接收消息QPS:2509
==================================


接收1  5秒收到的消息数:12571
接收消息QPS:2514
==================================


接收3  5秒收到的消息数:12549
接收消息QPS:2509
==================================


发送1  5秒发送的消息数:39389
发送消息QPS:7877
==================================


接收2  5秒收到的消息数:12811
接收消息QPS:2562
==================================


接收1  5秒收到的消息数:12844
接收消息QPS:2568
==================================


接收3  5秒收到的消息数:12829
接收消息QPS:2565
==================================


发送1  5秒发送的消息数:40389
发送消息QPS:8077
==================================


接收2  5秒收到的消息数:13538
接收消息QPS:2707
==================================


接收1  5秒收到的消息数:13526
接收消息QPS:2705
==================================


接收3  5秒收到的消息数:13533
接收消息QPS:2706
==================================


发送1  5秒发送的消息数:39227
发送消息QPS:7845
==================================


接收2  5秒收到的消息数:13348
接收消息QPS:2669
==================================


接收1  5秒收到的消息数:13347
接收消息QPS:2669
==================================


接收3  5秒收到的消息数:13344
接收消息QPS:2668
==================================


发送1  5秒发送的消息数:38735
发送消息QPS:7747
==================================


接收2  5秒收到的消息数:13104
接收消息QPS:2620
==================================


接收1  5秒收到的消息数:13079
接收消息QPS:2615
==================================


接收3  5秒收到的消息数:13092
接收消息QPS:2618
==================================


发送1  5秒发送的消息数:39269
发送消息QPS:7853
==================================


接收2  5秒收到的消息数:13180
接收消息QPS:2636
==================================


接收1  5秒收到的消息数:13210
接收消息QPS:2642
==================================


接收3  5秒收到的消息数:13190
接收消息QPS:2638
==================================


发送1  5秒发送的消息数:39935
发送消息QPS:7987
==================================


接收2  5秒收到的消息数:13072
接收消息QPS:2614
==================================


接收1  5秒收到的消息数:13060
接收消息QPS:2612
==================================


接收3  5秒收到的消息数:13066
接收消息QPS:2613
==================================


发送1  5秒发送的消息数:39324
发送消息QPS:7864
==================================


接收2  5秒收到的消息数:12855
接收消息QPS:2571
==================================


接收1  5秒收到的消息数:12835
接收消息QPS:2567
==================================


接收3  5秒收到的消息数:12855
接收消息QPS:2571
==================================


发送1  5秒发送的消息数:39423
发送消息QPS:7884
==================================


接收2  5秒收到的消息数:13534
接收消息QPS:2706
==================================


接收1  5秒收到的消息数:13551
接收消息QPS:2710
==================================


接收3  5秒收到的消息数:13535
接收消息QPS:2707
==================================


发送1  5秒发送的消息数:42678
发送消息QPS:8535
==================================


接收2  5秒收到的消息数:12689
接收消息QPS:2537
==================================


接收1  5秒收到的消息数:12705
接收消息QPS:2541
==================================


接收3  5秒收到的消息数:12675
接收消息QPS:2535
==================================


发送1  5秒发送的消息数:36697
发送消息QPS:7339
==================================


接收2  5秒收到的消息数:12783
接收消息QPS:2556
==================================


接收1  5秒收到的消息数:12769
接收消息QPS:2553
==================================


接收3  5秒收到的消息数:12800
接收消息QPS:2560
==================================


发送1  5秒发送的消息数:41109
发送消息QPS:8221
==================================


接收2  5秒收到的消息数:13411
接收消息QPS:2682
==================================


接收1  5秒收到的消息数:13434
接收消息QPS:2686
==================================


接收3  5秒收到的消息数:13431
接收消息QPS:2686
==================================


发送1  5秒发送的消息数:37065
发送消息QPS:7413
==================================


接收2  5秒收到的消息数:12262
接收消息QPS:2452
==================================


接收1  5秒收到的消息数:12209
接收消息QPS:2441
==================================


接收3  5秒收到的消息数:12206
接收消息QPS:2441
==================================


发送1  5秒发送的消息数:35502
发送消息QPS:7100
==================================


接收2  5秒收到的消息数:11916
接收消息QPS:2383
==================================


接收1  5秒收到的消息数:11937
接收消息QPS:2387
==================================


接收3  5秒收到的消息数:11909
接收消息QPS:2381
==================================


发送1  5秒发送的消息数:35780
发送消息QPS:7156
==================================


接收2  5秒收到的消息数:11383
接收消息QPS:2276
==================================


接收1  5秒收到的消息数:11396
接收消息QPS:2279
==================================


接收3  5秒收到的消息数:11413
接收消息QPS:2282
==================================


发送1  5秒发送的消息数:38161
发送消息QPS:7632
==================================


接收2  5秒收到的消息数:12688
接收消息QPS:2537
==================================


接收1  5秒收到的消息数:12648
接收消息QPS:2529
==================================


接收3  5秒收到的消息数:12666
接收消息QPS:2533
==================================


发送1  5秒发送的消息数:40400
发送消息QPS:8080
==================================


接收2  5秒收到的消息数:12800
接收消息QPS:2560
==================================


接收1  5秒收到的消息数:12838
接收消息QPS:2567
==================================


接收3  5秒收到的消息数:12818
接收消息QPS:2563
==================================


发送1  5秒发送的消息数:33712
发送消息QPS:6742
==================================


接收2  5秒收到的消息数:13134
接收消息QPS:2626
==================================


接收1  5秒收到的消息数:13145
接收消息QPS:2629
==================================


接收3  5秒收到的消息数:13172
接收消息QPS:2634
==================================


发送1  5秒发送的消息数:38709
发送消息QPS:7741
==================================


接收2  5秒收到的消息数:13723
接收消息QPS:2744
==================================


接收1  5秒收到的消息数:13708
接收消息QPS:2741
==================================


接收3  5秒收到的消息数:13680
接收消息QPS:2736
==================================


发送1  5秒发送的消息数:40869
发送消息QPS:8173
==================================


接收2  5秒收到的消息数:13486
接收消息QPS:2697
==================================


接收1  5秒收到的消息数:13525
接收消息QPS:2705
==================================


接收3  5秒收到的消息数:13546
接收消息QPS:2709
==================================


发送1  5秒发送的消息数:38723
发送消息QPS:7744
==================================


接收2  5秒收到的消息数:12894
接收消息QPS:2578
==================================


接收1  5秒收到的消息数:12885
接收消息QPS:2577
==================================


接收3  5秒收到的消息数:12884
接收消息QPS:2576
==================================


发送1  5秒发送的消息数:40515
发送消息QPS:8103
==================================


接收2  5秒收到的消息数:13198
接收消息QPS:2639
==================================


接收1  5秒收到的消息数:13141
接收消息QPS:2628
==================================


接收3  5秒收到的消息数:13139
接收消息QPS:2627
==================================


发送1  5秒发送的消息数:40350
发送消息QPS:8070
==================================


接收2  5秒收到的消息数:13697
接收消息QPS:2739
==================================


接收1  5秒收到的消息数:13729
接收消息QPS:2745
==================================


接收3  5秒收到的消息数:13726
接收消息QPS:2745
==================================


发送1  5秒发送的消息数:40841
发送消息QPS:8168
==================================


接收2  5秒收到的消息数:13522
接收消息QPS:2704
==================================


接收1  5秒收到的消息数:13538
接收消息QPS:2707
==================================


接收3  5秒收到的消息数:13522
接收消息QPS:2704
==================================


发送1  5秒发送的消息数:41387
发送消息QPS:8277
==================================


接收2  5秒收到的消息数:13501
接收消息QPS:2700
==================================


接收1  5秒收到的消息数:13474
接收消息QPS:2694
==================================


接收3  5秒收到的消息数:13530
接收消息QPS:2706
==================================


发送1  5秒发送的消息数:44287
发送消息QPS:8857
==================================


接收2  5秒收到的消息数:13243
接收消息QPS:2648
==================================


接收1  5秒收到的消息数:13240
接收消息QPS:2648
==================================


接收3  5秒收到的消息数:13191
接收消息QPS:2638
==================================


发送1  5秒发送的消息数:37046
发送消息QPS:7409
==================================


接收2  5秒收到的消息数:13357
接收消息QPS:2671
==================================


接收1  5秒收到的消息数:13345
接收消息QPS:2669
==================================


接收3  5秒收到的消息数:13373
接收消息QPS:2674
==================================


发送1  5秒发送的消息数:39801
发送消息QPS:7960
==================================


接收2  5秒收到的消息数:13038
接收消息QPS:2607
==================================


接收1  5秒收到的消息数:13022
接收消息QPS:2604
==================================


接收3  5秒收到的消息数:13006
接收消息QPS:2601
==================================


发送1  5秒发送的消息数:40193
发送消息QPS:8038
==================================


接收2  5秒收到的消息数:13388
接收消息QPS:2677
==================================


接收1  5秒收到的消息数:13402
接收消息QPS:2680
==================================


接收3  5秒收到的消息数:13410
接收消息QPS:2682
==================================


发送1  5秒发送的消息数:38631
发送消息QPS:7726
==================================


