发送1  5秒发送的消息数:27982
发送消息QPS:5596
==================================


接收1  5秒收到的消息数:28361
接收消息QPS:5672
==================================


发送1  5秒发送的消息数:27886
发送消息QPS:5577
==================================


接收1  5秒收到的消息数:26342
接收消息QPS:5268
==================================


发送1  5秒发送的消息数:25262
发送消息QPS:5052
==================================


接收1  5秒收到的消息数:25378
接收消息QPS:5075
==================================


发送1  5秒发送的消息数:26108
发送消息QPS:5221
==================================


接收1  5秒收到的消息数:26548
接收消息QPS:5309
==================================


发送1  5秒发送的消息数:26522
发送消息QPS:5304
==================================


接收1  5秒收到的消息数:27306
接收消息QPS:5461
==================================


发送1  5秒发送的消息数:28154
发送消息QPS:5630
==================================


接收1  5秒收到的消息数:28083
接收消息QPS:5616
==================================


发送1  5秒发送的消息数:27878
发送消息QPS:5575
==================================


接收1  5秒收到的消息数:27681
接收消息QPS:5536
==================================


发送1  5秒发送的消息数:28170
发送消息QPS:5634
==================================


接收1  5秒收到的消息数:27902
接收消息QPS:5580
==================================


发送1  5秒发送的消息数:26440
发送消息QPS:5288
==================================


接收1  5秒收到的消息数:26510
接收消息QPS:5302
==================================


发送1  5秒发送的消息数:26568
发送消息QPS:5313
==================================


接收1  5秒收到的消息数:26601
接收消息QPS:5320
==================================


发送1  5秒发送的消息数:26586
发送消息QPS:5317
==================================


接收1  5秒收到的消息数:26482
接收消息QPS:5296
==================================


发送1  5秒发送的消息数:26576
发送消息QPS:5315
==================================


接收1  5秒收到的消息数:26580
接收消息QPS:5316
==================================


发送1  5秒发送的消息数:25092
发送消息QPS:5018
==================================


