发送2  5秒发送的消息数:13716
发送消息QPS:2743
发送消息QPS:2737
==================================
==================================




接收1  5秒收到的消息数:16500
接收消息QPS:3300
==================================


接收2  5秒收到的消息数:16344
接收消息QPS:3268
==================================


发送2  5秒发送的消息数:14482
发送消息QPS:3109
==================================
==================================




接收1  5秒收到的消息数:13984
接收消息QPS:2796
==================================


接收2  5秒收到的消息数:13978
接收消息QPS:2795
==================================


发送1  5秒发送的消息数:14684
发送消息QPS:2771
发送消息QPS:2936
==================================
==================================




接收1  5秒收到的消息数:14788
接收消息QPS:2957
==================================


接收2  5秒收到的消息数:14809
接收消息QPS:2961
==================================


发送1  5秒发送的消息数:16045
发送消息QPS:2977
发送消息QPS:3209
==================================
==================================




接收1  5秒收到的消息数:15513
接收消息QPS:3102
==================================


接收2  5秒收到的消息数:15490
接收消息QPS:3098
==================================


发送2  5秒发送的消息数:13599
发送1  5秒发送的消息数:14374
发送消息QPS:2719
发送消息QPS:2874
==================================




接收1  5秒收到的消息数:13068
接收消息QPS:2613
==================================


接收2  5秒收到的消息数:12950
接收消息QPS:2590
==================================


发送2  5秒发送的消息数:13544
发送消息QPS:2366
发送消息QPS:2708
==================================
==================================




接收1  5秒收到的消息数:12718
接收消息QPS:2543
==================================


接收2  5秒收到的消息数:12530
接收消息QPS:2506
==================================


发送1  5秒发送的消息数:12915
发送消息QPS:2672
发送消息QPS:2583
==================================
==================================


接收1  5秒收到的消息数:12166
接收消息QPS:2433
==================================


接收2  5秒收到的消息数:12323
接收消息QPS:2464
==================================


发送1  5秒发送的消息数:12355
发送2  5秒发送的消息数:14752
发送消息QPS:2471
发送消息QPS:2950
==================================
==================================




接收1  5秒收到的消息数:12405
接收消息QPS:2481
==================================


接收2  5秒收到的消息数:12354
接收消息QPS:2470
==================================


发送2  5秒发送的消息数:13583
发送1  5秒发送的消息数:11914
发送消息QPS:2382
发送消息QPS:2716
==================================
==================================




接收1  5秒收到的消息数:12128
接收消息QPS:2425
==================================


接收2  5秒收到的消息数:12459
接收消息QPS:2491
==================================


发送1  5秒发送的消息数:10893
发送2  5秒发送的消息数:13123
发送消息QPS:2178
发送消息QPS:2624
==================================
==================================




接收1  5秒收到的消息数:11737
接收消息QPS:2347
==================================


接收2  5秒收到的消息数:13343
接收消息QPS:2668
==================================


发送2  5秒发送的消息数:13189
发送消息QPS:2637
发送消息QPS:2318
==================================
==================================




接收1  5秒收到的消息数:12845
接收消息QPS:2569
==================================


接收2  5秒收到的消息数:12011
接收消息QPS:2402
==================================


发送1  5秒发送的消息数:12122
发送2  5秒发送的消息数:13011
发送消息QPS:2424
发送消息QPS:2602
==================================
==================================




接收1  5秒收到的消息数:12475
接收消息QPS:2495
==================================


接收2  5秒收到的消息数:12361
接收消息QPS:2472
==================================


发送1  5秒发送的消息数:12172
发送消息QPS:2591
发送消息QPS:2434
==================================
==================================




接收1  5秒收到的消息数:12339
接收消息QPS:2467
==================================


接收2  5秒收到的消息数:12412
接收消息QPS:2482
==================================


发送2  5秒发送的消息数:13302
发送消息QPS:2660
发送1  5秒发送的消息数:12668
==================================
发送消息QPS:2533


==================================


接收1  5秒收到的消息数:13111
接收消息QPS:2622
==================================


接收2  5秒收到的消息数:11792
接收消息QPS:2358
==================================


发送2  5秒发送的消息数:13458
发送消息QPS:2691
发送消息QPS:2343
==================================
==================================




接收1  5秒收到的消息数:12014
接收消息QPS:2402
==================================


接收2  5秒收到的消息数:12586
接收消息QPS:2517
==================================


发送2  5秒发送的消息数:13195
发送消息QPS:2639
发送消息QPS:2306
==================================
==================================




接收1  5秒收到的消息数:12708
接收消息QPS:2541
==================================


接收2  5秒收到的消息数:11793
接收消息QPS:2358
==================================


发送1  5秒发送的消息数:11753
发送2  5秒发送的消息数:13213
发送消息QPS:2350
发送消息QPS:2642
==================================
==================================




接收1  5秒收到的消息数:12410
接收消息QPS:2482
==================================


接收2  5秒收到的消息数:12675
接收消息QPS:2535
==================================


发送2  5秒发送的消息数:14106
发送消息QPS:2451
发送消息QPS:2821
==================================
==================================




接收1  5秒收到的消息数:12433
接收消息QPS:2486
==================================


接收2  5秒收到的消息数:12095
接收消息QPS:2419
==================================


发送2  5秒发送的消息数:13355
发送消息QPS:2419
发送消息QPS:2671
==================================
==================================




接收1  5秒收到的消息数:11715
接收消息QPS:2343
==================================


接收2  5秒收到的消息数:12813
接收消息QPS:2562
==================================


发送2  5秒发送的消息数:13613
发送消息QPS:2529
==================================


发送消息QPS:2722
==================================


接收1  5秒收到的消息数:12146
接收消息QPS:2429
==================================


接收2  5秒收到的消息数:12726
接收消息QPS:2545
==================================


发送1  5秒发送的消息数:13707
发送消息QPS:2772
发送消息QPS:2741
==================================
==================================




接收1  5秒收到的消息数:15878
接收消息QPS:3175
==================================


接收2  5秒收到的消息数:16388
接收消息QPS:3277
==================================


发送1  5秒发送的消息数:13336
发送消息QPS:2667
发送消息QPS:2670
==================================
==================================




接收1  5秒收到的消息数:16966
接收消息QPS:3393
==================================


接收2  5秒收到的消息数:17192
接收消息QPS:3438
==================================


发送1  5秒发送的消息数:13449
发送2  5秒发送的消息数:12791
发送消息QPS:2689
发送消息QPS:2558
==================================
==================================




接收1  5秒收到的消息数:13775
接收消息QPS:2755
==================================


接收2  5秒收到的消息数:13708
接收消息QPS:2741
==================================


发送1  5秒发送的消息数:16544
发送2  5秒发送的消息数:15337
发送消息QPS:3308
发送消息QPS:3067
==================================
==================================




接收1  5秒收到的消息数:15712
接收消息QPS:3142
==================================


接收2  5秒收到的消息数:15682
接收消息QPS:3136
==================================


发送2  5秒发送的消息数:14044
发送消息QPS:2808
==================================
发送消息QPS:2870


==================================


接收1  5秒收到的消息数:12089
接收消息QPS:2417
==================================


接收2  5秒收到的消息数:12378
接收消息QPS:2475
==================================


发送1  5秒发送的消息数:12325
发送2  5秒发送的消息数:13207
发送消息QPS:2641
发送消息QPS:2465
==================================


==================================


接收1  5秒收到的消息数:12892
接收消息QPS:2578
==================================


接收2  5秒收到的消息数:12134
接收消息QPS:2426
==================================


