发送1  5秒发送的消息数:14677
发送2  5秒发送的消息数:14462
发送消息QPS:2935
发送消息QPS:2892
==================================
==================================


接收1  5秒收到的消息数:13324
接收消息QPS:2664
==================================


接收2  5秒收到的消息数:12688
接收消息QPS:2537
==================================


接收3  5秒收到的消息数:13630
接收消息QPS:2726
==================================


发送2  5秒发送的消息数:15738
发送消息QPS:3147
==================================
==================================




接收1  5秒收到的消息数:10783
接收消息QPS:2156
==================================


接收2  5秒收到的消息数:10786
接收消息QPS:2157
==================================


接收3  5秒收到的消息数:10790
接收消息QPS:2158
==================================


发送1  5秒发送的消息数:14968
发送消息QPS:3268
发送消息QPS:2993
==================================
==================================




接收1  5秒收到的消息数:9478
接收消息QPS:1895
==================================


接收2  5秒收到的消息数:9473
接收消息QPS:1894
==================================


接收3  5秒收到的消息数:9450
接收消息QPS:1890
==================================


发送2  5秒发送的消息数:12769
发送1  5秒发送的消息数:12965
发送消息QPS:2553
==================================
==================================




接收1  5秒收到的消息数:8585
接收消息QPS:1717
==================================


接收2  5秒收到的消息数:8528
接收消息QPS:1705
==================================


接收3  5秒收到的消息数:8634
接收消息QPS:1726
==================================


发送1  5秒发送的消息数:13288
发送消息QPS:2657
发送消息QPS:2538
==================================




接收1  5秒收到的消息数:8348
接收消息QPS:1669
==================================


接收2  5秒收到的消息数:8433
接收消息QPS:1686
==================================


接收3  5秒收到的消息数:8353
接收消息QPS:1670
==================================


发送2  5秒发送的消息数:12443
发送消息QPS:2668
发送消息QPS:2488
==================================


==================================


接收1  5秒收到的消息数:8354
接收消息QPS:1670
==================================


接收2  5秒收到的消息数:8070
接收消息QPS:1614
==================================


接收3  5秒收到的消息数:8406
接收消息QPS:1681
==================================


发送1  5秒发送的消息数:13328
发送消息QPS:2579
发送消息QPS:2665
==================================




接收1  5秒收到的消息数:7654
接收消息QPS:1530
==================================


接收2  5秒收到的消息数:8421
接收消息QPS:1684
==================================


接收3  5秒收到的消息数:8594
接收消息QPS:1718
==================================


发送1  5秒发送的消息数:13229
发送2  5秒发送的消息数:12166
发送消息QPS:2645
==================================
发送消息QPS:2433


==================================


接收1  5秒收到的消息数:7628
接收消息QPS:1525
==================================


接收2  5秒收到的消息数:8085
接收消息QPS:1617
==================================


接收3  5秒收到的消息数:8709
接收消息QPS:1741
==================================


发送1  5秒发送的消息数:13603
发送2  5秒发送的消息数:11854
发送消息QPS:2720
==================================
发送消息QPS:2370


==================================


接收1  5秒收到的消息数:8142
接收消息QPS:1628
==================================


接收2  5秒收到的消息数:8889
接收消息QPS:1777
==================================


接收3  5秒收到的消息数:7586
接收消息QPS:1517
==================================


发送1  5秒发送的消息数:13341
发送2  5秒发送的消息数:11335
发送消息QPS:2668
==================================
==================================




接收1  5秒收到的消息数:7661
接收消息QPS:1532
==================================


接收2  5秒收到的消息数:8020
接收消息QPS:1604
==================================


接收3  5秒收到的消息数:8478
接收消息QPS:1695
==================================


发送1  5秒发送的消息数:12721
发送消息QPS:2257
发送消息QPS:2544
==================================
==================================




接收1  5秒收到的消息数:8512
接收消息QPS:1702
==================================


接收2  5秒收到的消息数:8032
接收消息QPS:1606
==================================


接收3  5秒收到的消息数:7912
接收消息QPS:1582
==================================


发送1  5秒发送的消息数:13211
发送消息QPS:2642
==================================
发送消息QPS:2209


==================================


接收1  5秒收到的消息数:8223
接收消息QPS:1644
==================================


接收2  5秒收到的消息数:7845
接收消息QPS:1569
==================================


接收3  5秒收到的消息数:8160
接收消息QPS:1632
==================================


发送2  5秒发送的消息数:10137
发送消息QPS:2027
==================================
发送消息QPS:2741


==================================


接收1  5秒收到的消息数:7962
接收消息QPS:1592
==================================


接收2  5秒收到的消息数:7457
接收消息QPS:1491
==================================


接收3  5秒收到的消息数:8686
接收消息QPS:1737
==================================


发送2  5秒发送的消息数:11792
发送消息QPS:2358
发送1  5秒发送的消息数:12881
发送消息QPS:2576
==================================
==================================




接收1  5秒收到的消息数:7874
接收消息QPS:1574
==================================


接收2  5秒收到的消息数:8139
接收消息QPS:1627
==================================


接收3  5秒收到的消息数:8333
接收消息QPS:1666
==================================


发送2  5秒发送的消息数:11228
发送消息QPS:2245
==================================
==================================




接收1  5秒收到的消息数:7892
接收消息QPS:1578
==================================


接收2  5秒收到的消息数:8529
接收消息QPS:1705
==================================


接收3  5秒收到的消息数:8215
接收消息QPS:1643
==================================


发送1  5秒发送的消息数:12847
发送2  5秒发送的消息数:11357
发送消息QPS:2271
==================================


==================================


接收1  5秒收到的消息数:8054
接收消息QPS:1610
==================================


接收2  5秒收到的消息数:8292
接收消息QPS:1658
==================================


接收3  5秒收到的消息数:8334
接收消息QPS:1666
==================================


发送2  5秒发送的消息数:11860
发送消息QPS:2372
发送1  5秒发送的消息数:13342
发送消息QPS:2668
==================================
==================================




接收1  5秒收到的消息数:8700
接收消息QPS:1740
==================================


接收2  5秒收到的消息数:8216
接收消息QPS:1643
==================================


接收3  5秒收到的消息数:8082
接收消息QPS:1616
==================================


发送1  5秒发送的消息数:13672
发送消息QPS:2198
发送消息QPS:2734
==================================
==================================


接收1  5秒收到的消息数:8758
接收消息QPS:1751
==================================


接收2  5秒收到的消息数:8548
接收消息QPS:1709
==================================


接收3  5秒收到的消息数:8326
接收消息QPS:1665
==================================


发送2  5秒发送的消息数:9845
发送1  5秒发送的消息数:11008
发送消息QPS:2201
发送消息QPS:1969
==================================
==================================




接收1  5秒收到的消息数:7937
接收消息QPS:1587
==================================


接收2  5秒收到的消息数:8053
接收消息QPS:1610
==================================


接收3  5秒收到的消息数:8368
接收消息QPS:1673
==================================


发送1  5秒发送的消息数:12738
发送消息QPS:2547
发送2  5秒发送的消息数:11862
==================================


发送消息QPS:2372
==================================


接收1  5秒收到的消息数:8116
接收消息QPS:1623
==================================


接收2  5秒收到的消息数:8120
接收消息QPS:1624
==================================


接收3  5秒收到的消息数:8125
接收消息QPS:1625
==================================


发送1  5秒发送的消息数:13113
发送消息QPS:2323
发送消息QPS:2622
==================================
==================================




接收1  5秒收到的消息数:8605
接收消息QPS:1721
==================================


接收2  5秒收到的消息数:8608
接收消息QPS:1721
==================================


接收3  5秒收到的消息数:8617
接收消息QPS:1723
==================================


发送2  5秒发送的消息数:13174
发送消息QPS:2634
==================================
发送1  5秒发送的消息数:12968


发送消息QPS:2593
==================================


接收1  5秒收到的消息数:8832
接收消息QPS:1766
==================================


接收2  5秒收到的消息数:8839
接收消息QPS:1767
==================================


接收3  5秒收到的消息数:8845
接收消息QPS:1769
==================================


发送2  5秒发送的消息数:15344
发送1  5秒发送的消息数:14589
发送消息QPS:3068
==================================
发送消息QPS:2917


==================================


接收1  5秒收到的消息数:10493
接收消息QPS:2098
==================================


接收2  5秒收到的消息数:10486
接收消息QPS:2097
==================================


接收3  5秒收到的消息数:10482
接收消息QPS:2096
==================================


发送1  5秒发送的消息数:13915
发送消息QPS:2783
==================================
发送消息QPS:2983


==================================


接收1  5秒收到的消息数:8921
接收消息QPS:1784
==================================


接收2  5秒收到的消息数:8727
接收消息QPS:1745
==================================


接收3  5秒收到的消息数:8957
接收消息QPS:1791
==================================


发送1  5秒发送的消息数:12855
发送2  5秒发送的消息数:13550
发送消息QPS:2571
发送消息QPS:2710
==================================


==================================


接收1  5秒收到的消息数:9074
接收消息QPS:1814
==================================


接收2  5秒收到的消息数:9034
接收消息QPS:1806
==================================


接收3  5秒收到的消息数:9070
接收消息QPS:1814
==================================


发送2  5秒发送的消息数:15814
发送1  5秒发送的消息数:14154
发送消息QPS:3162
发送消息QPS:2830
==================================
==================================




接收1  5秒收到的消息数:10604
接收消息QPS:2120
==================================


接收2  5秒收到的消息数:10598
接收消息QPS:2119
==================================


接收3  5秒收到的消息数:10577
接收消息QPS:2115
==================================


发送1  5秒发送的消息数:14111
发送消息QPS:2822
发送消息QPS:3067
==================================


==================================


接收1  5秒收到的消息数:8920
接收消息QPS:1784
==================================


接收2  5秒收到的消息数:8904
接收消息QPS:1780
==================================


接收3  5秒收到的消息数:8917
接收消息QPS:1783
==================================


发送1  5秒发送的消息数:12972
发送消息QPS:2620
发送消息QPS:2594
============


==================================


接收1  5秒收到的消息数:8806
接收消息QPS:1761
==================================


接收2  5秒收到的消息数:8807
接收消息QPS:1761
==================================


接收3  5秒收到的消息数:8813
接收消息QPS:1762
==================================


发送1  5秒发送的消息数:12931
发送2  5秒发送的消息数:12769
发送消息QPS:2586
发送消息QPS:2553
==================================
==================================




接收1  5秒收到的消息数:8642
接收消息QPS:1728
==================================


接收2  5秒收到的消息数:8635
接收消息QPS:1727
==================================


接收3  5秒收到的消息数:8630
接收消息QPS:1726
==================================


发送1  5秒发送的消息数:13454
发送消息QPS:2462
==================================
发送消息QPS:2690


==================================


接收1  5秒收到的消息数:8261
接收消息QPS:1652
==================================


接收2  5秒收到的消息数:8086
接收消息QPS:1617
==================================


接收3  5秒收到的消息数:8569
接收消息QPS:1713
==================================


发送1  5秒发送的消息数:13431
发送消息QPS:2459
发送消息QPS:2686
==================================
==================================


接收1  5秒收到的消息数:7896
接收消息QPS:1579
==================================


接收2  5秒收到的消息数:7993
接收消息QPS:1598
==================================


接收3  5秒收到的消息数:8725
接收消息QPS:1745
==================================


发送1  5秒发送的消息数:13292
发送消息QPS:2445
发送消息QPS:2658
============


==================================


接收1  5秒收到的消息数:8728
接收消息QPS:1745
==================================


接收2  5秒收到的消息数:7691
接收消息QPS:1538
==================================


接收3  5秒收到的消息数:8219
接收消息QPS:1643
==================================


发送1  5秒发送的消息数:14372
发送2  5秒发送的消息数:11695
发送消息QPS:2874
发送消息QPS:2339
==================================
==================================




接收1  5秒收到的消息数:8400
接收消息QPS:1680
==================================


接收2  5秒收到的消息数:7658
接收消息QPS:1531
==================================


接收3  5秒收到的消息数:8346
接收消息QPS:1669
==================================


发送2  5秒发送的消息数:11263
发送消息QPS:2675
发送消息QPS:2252
==================================
==================================




接收1  5秒收到的消息数:8444
接收消息QPS:1688
==================================


接收2  5秒收到的消息数:8512
接收消息QPS:1702
==================================


接收3  5秒收到的消息数:7884
接收消息QPS:1576
==================================


发送1  5秒发送的消息数:13633
发送2  5秒发送的消息数:11346
发送消息QPS:2726
发送消息QPS:2269
==================================
==================================




