发送2  5秒发送的消息数:29913
发送消息QPS:7528
==================================




接收1  5秒收到的消息数:20751
接收消息QPS:4150
==================================


接收2  5秒收到的消息数:20801
接收消息QPS:4160
==================================


发送1  5秒发送的消息数:21518
发送2  5秒发送的消息数:14624
发送消息QPS:4303
发送消息QPS:2924
==================================
==================================




接收1  5秒收到的消息数:19555
接收2  5秒收到的消息数:19469
接收消息QPS:3893
接收消息QPS:3911
==================================
==================================




发送1  5秒发送的消息数:19576
发送消息QPS:3915
发送消息QPS:3623
==================================
==================================




接收1  5秒收到的消息数:18745
接收消息QPS:3749
==================================


接收2  5秒收到的消息数:18781
接收消息QPS:3756
==================================


发送2  5秒发送的消息数:18126
发送1  5秒发送的消息数:19490
发送消息QPS:3898
==================================
==================================




接收1  5秒收到的消息数:19621
接收消息QPS:3924
==================================


接收2  5秒收到的消息数:19650
接收消息QPS:3930
==================================


发送2  5秒发送的消息数:18462
发送1  5秒发送的消息数:20395
发送消息QPS:3692
发送消息QPS:4079
==================================
==================================




接收1  5秒收到的消息数:19488
接收消息QPS:3897
==================================


接收2  5秒收到的消息数:19549
接收消息QPS:3909
==================================


发送1  5秒发送的消息数:20080
发送消息QPS:3820
发送消息QPS:4016
============


==================================


接收1  5秒收到的消息数:19052
接收消息QPS:3810
==================================


接收2  5秒收到的消息数:18880
接收消息QPS:3776
==================================


发送1  5秒发送的消息数:19495
发送消息QPS:3899
发送消息QPS:3660
==================================
==================================




接收1  5秒收到的消息数:19539
接收消息QPS:3907
==================================


接收2  5秒收到的消息数:19321
接收消息QPS:3864
==================================


发送2  5秒发送的消息数:19266
发送消息QPS:3853
发送1  5秒发送的消息数:20724
==================================


发送消息QPS:4144
==================================


接收1  5秒收到的消息数:19250
接收消息QPS:3850
==================================


接收2  5秒收到的消息数:19150
接收消息QPS:3830
==================================


发送1  5秒发送的消息数:19062
发送消息QPS:3718
发送消息QPS:3812
==================================
==================================




接收1  5秒收到的消息数:18600
接收消息QPS:3720
==================================


接收2  5秒收到的消息数:18850
接收消息QPS:3770
==================================


发送2  5秒发送的消息数:19320
发送消息QPS:3864
发送1  5秒发送的消息数:20689
==================================
==================================


接收1  5秒收到的消息数:20150
接收消息QPS:4030
==================================


接收2  5秒收到的消息数:20000
接收消息QPS:4000
==================================


发送1  5秒发送的消息数:19349
发送消息QPS:3535
发送消息QPS:3869
==================================
==================================


接收1  5秒收到的消息数:17750
接收消息QPS:3550
==================================


接收2  5秒收到的消息数:17954
接收消息QPS:3590
==================================


发送1  5秒发送的消息数:17623
发送2  5秒发送的消息数:18263
发送消息QPS:3524
发送消息QPS:3652
==================================
==================================




接收1  5秒收到的消息数:17850
接收消息QPS:3570
==================================


接收2  5秒收到的消息数:17396
接收消息QPS:3479
==================================


发送2  5秒发送的消息数:17247
发送消息QPS:3449
发送消息QPS:3608
==================================
==================================




接收1  5秒收到的消息数:19200
接收消息QPS:3840
==================================


接收2  5秒收到的消息数:19229
接收消息QPS:3845
==================================


发送1  5秒发送的消息数:19524
发送消息QPS:3505
发送消息QPS:3904
==================================
==================================




接收1  5秒收到的消息数:18681
接收消息QPS:3736
==================================


接收2  5秒收到的消息数:18771
接收消息QPS:3754
==================================


发送2  5秒发送的消息数:18945
发送消息QPS:4040
发送消息QPS:3789
==================================
==================================




接收1  5秒收到的消息数:19426
接收消息QPS:3885
==================================


接收2  5秒收到的消息数:19450
接收消息QPS:3890
==================================


发送1  5秒发送的消息数:20343
发送消息QPS:3913
发送消息QPS:4068
==================================
==================================




接收1  5秒收到的消息数:20633
接收消息QPS:4126
==================================


接收2  5秒收到的消息数:20600
接收消息QPS:4120
==================================


发送2  5秒发送的消息数:19461
发送消息QPS:3892
==================================
发送1  5秒发送的消息数:21086
发送消息QPS:4217


==================================


接收1  5秒收到的消息数:18260
接收消息QPS:3652
==================================


接收2  5秒收到的消息数:18350
接收消息QPS:3670
==================================


发送1  5秒发送的消息数:18910
发送消息QPS:3652
发送消息QPS:3782
==================================
==================================




接收1  5秒收到的消息数:20500
接收消息QPS:4100
==================================


接收2  5秒收到的消息数:20450
接收消息QPS:4090
==================================


发送2  5秒发送的消息数:19900
发送消息QPS:3980
发送消息QPS:4207
==================================
==================================




接收1  5秒收到的消息数:18900
接收消息QPS:3780
==================================


接收2  5秒收到的消息数:18400
接收消息QPS:3680
==================================


发送1  5秒发送的消息数:20266
发送消息QPS:3723
发送消息QPS:4053
==================================
==================================




接收1  5秒收到的消息数:20792
接收消息QPS:4158
==================================


接收2  5秒收到的消息数:20800
接收消息QPS:4160
==================================


发送2  5秒发送的消息数:19670
发送1  5秒发送的消息数:21122
发送消息QPS:3934
发送消息QPS:4224
==================================


==================================


接收1  5秒收到的消息数:20208
接收消息QPS:4041
==================================


接收2  5秒收到的消息数:20450
接收消息QPS:4090
==================================


发送2  5秒发送的消息数:18890
发送消息QPS:3778
==================================
发送消息QPS:4032


==================================


接收1  5秒收到的消息数:19350
接收消息QPS:3870
==================================


接收2  5秒收到的消息数:19300
接收消息QPS:3860
==================================


发送1  5秒发送的消息数:20930
发送消息QPS:4186
发送2  5秒发送的消息数:18537
==================================
发送消息QPS:3707


==================================


接收1  5秒收到的消息数:19144
接收2  5秒收到的消息数:19246
接收消息QPS:3828
接收消息QPS:3849
==================================


==================================


发送2  5秒发送的消息数:18206
发送消息QPS:3912
发送消息QPS:3641
==================================
==================================




接收1  5秒收到的消息数:19446
接收消息QPS:3889
==================================


接收2  5秒收到的消息数:18904
接收消息QPS:3780
==================================


发送1  5秒发送的消息数:20031
发送消息QPS:4006
==================================
发送消息QPS:3784


==================================


接收1  5秒收到的消息数:19760
接收消息QPS:3952
==================================


接收2  5秒收到的消息数:19700
接收消息QPS:3940
==================================


发送2  5秒发送的消息数:19059
发送消息QPS:3811
发送消息QPS:4177
==================================
==================================




接收2  5秒收到的消息数:18950
接收消息QPS:3790
==================================


接收1  5秒收到的消息数:18700
接收消息QPS:3740
==================================


发送1  5秒发送的消息数:18738
发送消息QPS:3747
==================================


发送消息QPS:3483
==================================


接收2  5秒收到的消息数:18700
接收消息QPS:3740
==================================


接收1  5秒收到的消息数:18900
接收消息QPS:3780
==================================


发送1  5秒发送的消息数:20647
发送2  5秒发送的消息数:18616
发送消息QPS:4129
发送消息QPS:3723
==================================


==================================


接收2  5秒收到的消息数:18689
接收消息QPS:3737
接收1  5秒收到的消息数:19175
接收消息QPS:3835
==================================
==================================




发送1  5秒发送的消息数:18608
发送消息QPS:3491
发送消息QPS:3721
==================================
==================================




接收2  5秒收到的消息数:18983
接收消息QPS:3796
接收1  5秒收到的消息数:18876
接收消息QPS:3775
==================================


==================================


发送2  5秒发送的消息数:19142
发送消息QPS:3828
发送消息QPS:4192
==================================


==================================


接收2  5秒收到的消息数:19783
接收消息QPS:3956
==================================


接收1  5秒收到的消息数:19849
接收消息QPS:3969
==================================


发送1  5秒发送的消息数:20586
发送消息QPS:4117
发送消息QPS:3837
==================================
==================================




接收1  5秒收到的消息数:19620
接收消息QPS:3924
==================================


接收2  5秒收到的消息数:19595
接收消息QPS:3919
==================================


发送1  5秒发送的消息数:18577
发送消息QPS:3715
==================================


==================================


接收1  5秒收到的消息数:18211
接收消息QPS:3642
==================================


接收2  5秒收到的消息数:18335
接收消息QPS:3667
==================================


发送1  5秒发送的消息数:19971
发送消息QPS:3994
发送消息QPS:3819
==================================
==================================




接收1  5秒收到的消息数:19585
接收消息QPS:3917
==================================


接收2  5秒收到的消息数:19665
接收消息QPS:3933
==================================


发送1  5秒发送的消息数:20269
发送消息QPS:3826
发送消息QPS:4053
==================================
==================================




接收1  5秒收到的消息数:19919
接收消息QPS:3983
==================================


接收2  5秒收到的消息数:20005
接收消息QPS:4001
==================================


发送1  5秒发送的消息数:20392
发送消息QPS:4078
发送消息QPS:3796
==================================
==================================




接收1  5秒收到的消息数:18915
接收消息QPS:3783
==================================


接收2  5秒收到的消息数:18595
接收消息QPS:3719
==================================


发送2  5秒发送的消息数:18573
发送1  5秒发送的消息数:20326
发送消息QPS:3714
发送消息QPS:4065
==================================


==================================


接收1  5秒收到的消息数:19828
接收消息QPS:3965
==================================


接收2  5秒收到的消息数:19627
接收消息QPS:3925
==================================


发送1  5秒发送的消息数:19645
发送消息QPS:3929
发送消息QPS:3816
==================================
==================================




接收1  5秒收到的消息数:19372
接收消息QPS:3874
==================================


接收2  5秒收到的消息数:19473
接收消息QPS:3894
==================================


发送1  5秒发送的消息数:20245
发送消息QPS:3736
发送消息QPS:4049
==================================


==================================


接收1  5秒收到的消息数:18989
接收消息QPS:3797
==================================


接收2  5秒收到的消息数:18950
接收消息QPS:3790
==================================


发送2  5秒发送的消息数:18401
发送1  5秒发送的消息数:19505
发送消息QPS:3680
发送消息QPS:3901
==================================
==================================




接收1  5秒收到的消息数:19411
接收消息QPS:3882
==================================


接收2  5秒收到的消息数:19676
接收消息QPS:3935
==================================


发送1  5秒发送的消息数:20563
发送2  5秒发送的消息数:18702
发送消息QPS:4112
发送消息QPS:3740
==================================


==================================


