发送1  5秒发送的消息数:26118
发送消息QPS:5223
==================================


接收1  5秒收到的消息数:8488
接收消息QPS:1697
==================================


接收2  5秒收到的消息数:8546
接收消息QPS:1709
==================================


接收3  5秒收到的消息数:8629
接收消息QPS:1725
==================================


发送1  5秒发送的消息数:25552
发送消息QPS:5110
==================================


接收1  5秒收到的消息数:8509
接收消息QPS:1701
==================================


接收2  5秒收到的消息数:8647
接收消息QPS:1729
==================================


接收3  5秒收到的消息数:8278
接收消息QPS:1655
==================================


发送1  5秒发送的消息数:25216
发送消息QPS:5043
==================================


接收1  5秒收到的消息数:8738
接收消息QPS:1747
==================================


接收2  5秒收到的消息数:8705
接收消息QPS:1741
==================================
接收3  5秒收到的消息数:8105
接收消息QPS:1621
==================================


发送1  5秒发送的消息数:25410
发送消息QPS:5082
==================================


接收1  5秒收到的消息数:8535
接收消息QPS:1707
==================================


接收2  5秒收到的消息数:8540
接收消息QPS:1708
==================================


接收3  5秒收到的消息数:8565
接收消息QPS:1713
==================================


发送1  5秒发送的消息数:25686
发送消息QPS:5137
==================================


接收1  5秒收到的消息数:8150
接收消息QPS:1630
==================================


接收2  5秒收到的消息数:8485
接收消息QPS:1697
==================================


接收3  5秒收到的消息数:8403
接收消息QPS:1680
==================================


发送1  5秒发送的消息数:25570
发送消息QPS:5114
==================================


接收1  5秒收到的消息数:8087
接收消息QPS:1617
==================================


接收2  5秒收到的消息数:7814
接收消息QPS:1562
==================================


接收3  5秒收到的消息数:8710
接收消息QPS:1742
==================================


发送1  5秒发送的消息数:25714
发送消息QPS:5142
==================================


接收1  5秒收到的消息数:8458
接收消息QPS:1691
==================================


接收2  5秒收到的消息数:8504
接收消息QPS:1700
==================================


接收3  5秒收到的消息数:7761
接收消息QPS:1552
==================================


发送1  5秒发送的消息数:25356
发送消息QPS:5071
==================================


接收1  5秒收到的消息数:8491
接收消息QPS:1698
==================================


接收2  5秒收到的消息数:8590
接收消息QPS:1718
==================================


接收3  5秒收到的消息数:7799
接收消息QPS:1559
==================================


发送1  5秒发送的消息数:24290
发送消息QPS:4858
==================================


接收1  5秒收到的消息数:8266
接收消息QPS:1653
==================================


接收2  5秒收到的消息数:8224
接收消息QPS:1644
==================================


接收3  5秒收到的消息数:8315
接收消息QPS:1663
==================================


发送1  5秒发送的消息数:23924
发送消息QPS:4784
==================================


接收1  5秒收到的消息数:8102
接收消息QPS:1620
==================================


接收2  5秒收到的消息数:8571
接收消息QPS:1714
==================================


接收3  5秒收到的消息数:8201
接收消息QPS:1640
==================================


发送1  5秒发送的消息数:24910
发送消息QPS:4982
==================================


接收1  5秒收到的消息数:7861
接收消息QPS:1572
==================================


接收2  5秒收到的消息数:8394
接收消息QPS:1678
==================================


接收3  5秒收到的消息数:8872
接收消息QPS:1774
==================================


发送1  5秒发送的消息数:25206
发送消息QPS:5041
==================================


接收1  5秒收到的消息数:8711
接收消息QPS:1742
==================================


接收2  5秒收到的消息数:8434
接收消息QPS:1686
==================================


接收3  5秒收到的消息数:8122
接收消息QPS:1624
==================================


发送1  5秒发送的消息数:24314
发送消息QPS:4862
==================================


接收1  5秒收到的消息数:8504
接收消息QPS:1700
==================================


接收2  5秒收到的消息数:8691
接收消息QPS:1738
==================================


接收3  5秒收到的消息数:8262
接收消息QPS:1652
==================================


发送1  5秒发送的消息数:25275
发送消息QPS:5055
==================================


接收1  5秒收到的消息数:8230
接收消息QPS:1646
==================================


接收2  5秒收到的消息数:8220
接收消息QPS:1644
==================================


接收3  5秒收到的消息数:8512
接收消息QPS:1702
==================================


发送1  5秒发送的消息数:25912
发送消息QPS:5182
==================================


接收1  5秒收到的消息数:8650
接收消息QPS:1730
==================================


接收2  5秒收到的消息数:8153
接收消息QPS:1630
==================================


接收3  5秒收到的消息数:8348
接收消息QPS:1669
==================================


发送1  5秒发送的消息数:25740
发送消息QPS:5148
==================================


接收1  5秒收到的消息数:8172
接收消息QPS:1634
==================================


接收2  5秒收到的消息数:8399
接收消息QPS:1679
==================================


接收3  5秒收到的消息数:8432
接收消息QPS:1686
==================================


发送1  5秒发送的消息数:26188
发送消息QPS:5237
==================================


接收1  5秒收到的消息数:8248
接收消息QPS:1649
==================================


接收2  5秒收到的消息数:7844
接收消息QPS:1568
==================================


接收3  5秒收到的消息数:8619
接收消息QPS:1723
==================================


发送1  5秒发送的消息数:25010
发送消息QPS:5002
==================================


接收1  5秒收到的消息数:8594
接收消息QPS:1718
==================================


接收2  5秒收到的消息数:8028
接收消息QPS:1605
==================================


接收3  5秒收到的消息数:8194
接收消息QPS:1638
==================================


发送1  5秒发送的消息数:25244
发送消息QPS:5048
==================================


接收1  5秒收到的消息数:8139
接收消息QPS:1627
==================================


接收2  5秒收到的消息数:8535
接收消息QPS:1707
==================================


接收3  5秒收到的消息数:8462
接收消息QPS:1692
==================================


发送1  5秒发送的消息数:25692
发送消息QPS:5138
==================================


接收1  5秒收到的消息数:8408
接收消息QPS:1681
==================================


接收2  5秒收到的消息数:8150
接收消息QPS:1630
==================================


接收3  5秒收到的消息数:8360
接收消息QPS:1672
==================================


发送1  5秒发送的消息数:26334
发送消息QPS:5266
==================================


接收2  5秒收到的消息数:8395
接收消息QPS:1679
==================================



接收消息QPS:1679
==================================


接收3  5秒收到的消息数:8372
接收消息QPS:1674
==================================


发送1  5秒发送的消息数:25745
发送消息QPS:5149
==================================


接收2  5秒收到的消息数:8420
接收消息QPS:1684
==================================


接收1  5秒收到的消息数:8136
接收消息QPS:1627
==================================


接收3  5秒收到的消息数:8533
接收消息QPS:1706
==================================


发送1  5秒发送的消息数:25713
发送消息QPS:5142
==================================


接收1  5秒收到的消息数:7957
接收消息QPS:1591
==================================


接收2  5秒收到的消息数:8457
接收消息QPS:1691
==================================


接收3  5秒收到的消息数:8534
接收消息QPS:1706
==================================


发送1  5秒发送的消息数:23374
发送消息QPS:4674
==================================


接收2  5秒收到的消息数:8184
接收1  5秒收到的消息数:8383
接收消息QPS:1636
接收消息QPS:1676
==================================
==================================




接收3  5秒收到的消息数:8678
接收消息QPS:1735
==================================


发送1  5秒发送的消息数:24538
发送消息QPS:4907
==================================


接收1  5秒收到的消息数:8180
接收消息QPS:1636
==================================


接收2  5秒收到的消息数:8134
接收消息QPS:1626
==================================


接收3  5秒收到的消息数:8552
接收消息QPS:1710
==================================


发送1  5秒发送的消息数:25255
发送消息QPS:5051
==================================


接收2  5秒收到的消息数:8652
接收消息QPS:1730
==================================


接收1  5秒收到的消息数:7824
接收消息QPS:1564
==================================


接收3  5秒收到的消息数:8638
接收消息QPS:1727
==================================


发送1  5秒发送的消息数:25161
发送消息QPS:5032
==================================


接收2  5秒收到的消息数:8570
接收消息QPS:1714
==================================


接收1  5秒收到的消息数:8252
接收消息QPS:1650
==================================


接收3  5秒收到的消息数:8189
接收消息QPS:1637
==================================


发送1  5秒发送的消息数:26448
发送消息QPS:5289
==================================


接收2  5秒收到的消息数:9543
接收消息QPS:1908
==================================


接收1  5秒收到的消息数:9175
接收消息QPS:1835
==================================


接收3  5秒收到的消息数:9415
接收消息QPS:1883
==================================


发送1  5秒发送的消息数:26152
发送消息QPS:5230
==================================


接收2  5秒收到的消息数:9949
接收消息QPS:1989
==================================


接收1  5秒收到的消息数:9887
接收消息QPS:1977
==================================


接收3  5秒收到的消息数:9944
接收消息QPS:1988
==================================


发送1  5秒发送的消息数:26394
发送消息QPS:5278
==================================


接收1  5秒收到的消息数:8902
接收2  5秒收到的消息数:7814
接收消息QPS:1780
接收消息QPS:1562
==================================
==================================




接收3  5秒收到的消息数:8173
接收消息QPS:1634
==================================


发送1  5秒发送的消息数:25470
发送消息QPS:5094
==================================


接收1  5秒收到的消息数:8152
接收2  5秒收到的消息数:7638
接收消息QPS:1630
接收消息QPS:1527
==================================
==================================




接收3  5秒收到的消息数:8742
接收消息QPS:1748
==================================


发送1  5秒发送的消息数:24458
发送消息QPS:4891
==================================


接收2  5秒收到的消息数:8214
接收消息QPS:1642
==================================


接收1  5秒收到的消息数:8664
接收消息QPS:1732
==================================


接收3  5秒收到的消息数:8109
接收消息QPS:1621
==================================


发送1  5秒发送的消息数:25786
发送消息QPS:5157
==================================


接收2  5秒收到的消息数:8398
接收消息QPS:1679
==================================


接收1  5秒收到的消息数:7830
接收消息QPS:1566
==================================


接收3  5秒收到的消息数:8753
接收消息QPS:1750
==================================


发送1  5秒发送的消息数:25076
发送消息QPS:5015
==================================


接收2  5秒收到的消息数:8407
接收消息QPS:1681
==================================


接收1  5秒收到的消息数:8688
接收消息QPS:1737
==================================


接收3  5秒收到的消息数:8094
接收消息QPS:1618
==================================


发送1  5秒发送的消息数:26234
发送消息QPS:5246
==================================


