发送1  5秒发送的消息数:86930
发送消息QPS:17386
==================================


接收1  5秒收到的消息数:69435
接收消息QPS:13887
==================================


发送1  5秒发送的消息数:46404
发送消息QPS:9280
==================================


接收1  5秒收到的消息数:71945
接收消息QPS:14389
==================================


发送1  5秒发送的消息数:61613
发送消息QPS:12322
==================================


接收1  5秒收到的消息数:68354
接收消息QPS:13670
==================================


发送1  5秒发送的消息数:67577
发送消息QPS:13515
==================================


接收1  5秒收到的消息数:67519
接收消息QPS:13503
==================================


发送1  5秒发送的消息数:73673
发送消息QPS:14734
==================================


接收1  5秒收到的消息数:67315
接收消息QPS:13463
==================================


发送1  5秒发送的消息数:63362
发送消息QPS:12672
==================================


接收1  5秒收到的消息数:68487
接收消息QPS:13697
==================================


发送1  5秒发送的消息数:65820
发送消息QPS:13164
==================================


接收1  5秒收到的消息数:68587
接收消息QPS:13717
==================================


发送1  5秒发送的消息数:70869
发送消息QPS:14173
==================================


接收1  5秒收到的消息数:71309
接收消息QPS:14261
==================================


发送1  5秒发送的消息数:72365
发送消息QPS:14473
==================================


接收1  5秒收到的消息数:68552
接收消息QPS:13710
==================================


发送1  5秒发送的消息数:67039
发送消息QPS:13407
==================================


接收1  5秒收到的消息数:68027
接收消息QPS:13605
==================================


发送1  5秒发送的消息数:68369
发送消息QPS:13673
==================================


接收1  5秒收到的消息数:69168
接收消息QPS:13833
==================================


发送1  5秒发送的消息数:70009
发送消息QPS:14001
==================================


接收1  5秒收到的消息数:67404
接收消息QPS:13480
==================================


发送1  5秒发送的消息数:68310
发送消息QPS:13662
==================================


接收1  5秒收到的消息数:67150
接收消息QPS:13430
==================================


发送1  5秒发送的消息数:63924
发送消息QPS:12784
==================================


接收1  5秒收到的消息数:68572
接收消息QPS:13714
==================================


发送1  5秒发送的消息数:68397
发送消息QPS:13679
==================================


接收1  5秒收到的消息数:68114
接收消息QPS:13622
==================================


发送1  5秒发送的消息数:69588
发送消息QPS:13917
==================================


接收1  5秒收到的消息数:69378
接收消息QPS:13875
==================================


发送1  5秒发送的消息数:71239
发送消息QPS:14247
==================================


接收1  5秒收到的消息数:73445
接收消息QPS:14689
==================================


发送1  5秒发送的消息数:70506
发送消息QPS:14101
==================================


接收1  5秒收到的消息数:65550
接收消息QPS:13110
==================================


发送1  5秒发送的消息数:64155
发送消息QPS:12831
==================================


接收1  5秒收到的消息数:61990
接收消息QPS:12398
==================================


发送1  5秒发送的消息数:67544
发送消息QPS:13508
==================================


接收1  5秒收到的消息数:73498
接收消息QPS:14699
==================================


发送1  5秒发送的消息数:79978
发送消息QPS:15995
==================================


接收1  5秒收到的消息数:71134
接收消息QPS:14226
==================================


发送1  5秒发送的消息数:70195
发送消息QPS:14039
==================================


接收1  5秒收到的消息数:71286
接收消息QPS:14257
==================================


发送1  5秒发送的消息数:66837
发送消息QPS:13367
==================================


