发送2  5秒发送的消息数:20450
发送消息QPS:4090
==================================
发送消息QPS:4772


==================================


接收1  5秒收到的消息数:20783
接收消息QPS:4156
==================================


接收2  5秒收到的消息数:20653
接收消息QPS:4130
==================================


发送1  5秒发送的消息数:19934
发送消息QPS:3816
发送消息QPS:3986
==================================
==================================




接收1  5秒收到的消息数:19654
接收消息QPS:3930
==================================


接收2  5秒收到的消息数:19550
接收消息QPS:3910
==================================


发送1  5秒发送的消息数:20278
发送消息QPS:3633
发送消息QPS:4055
==================================


==================================


接收1  5秒收到的消息数:18676
接收消息QPS:3735
==================================


接收2  5秒收到的消息数:19105
接收消息QPS:3821
==================================


发送1  5秒发送的消息数:20176
发送消息QPS:3611
发送消息QPS:4035
==================================
==================================




接收1  5秒收到的消息数:19267
接收消息QPS:3853
==================================


接收2  5秒收到的消息数:19297
接收消息QPS:3859
==================================


发送1  5秒发送的消息数:19969
发送消息QPS:3993
发送2  5秒发送的消息数:18115
==================================
发送消息QPS:3623


==================================


接收1  5秒收到的消息数:18820
接收消息QPS:3764
==================================


接收2  5秒收到的消息数:18648
接收消息QPS:3729
==================================


发送1  5秒发送的消息数:19865
发送消息QPS:3973
==================================


发送2  5秒发送的消息数:17961
发送消息QPS:3592
==================================


接收1  5秒收到的消息数:19284
接收消息QPS:3856
==================================


接收2  5秒收到的消息数:19250
接收消息QPS:3850
==================================


发送1  5秒发送的消息数:20266
发送消息QPS:4053
==================================


发送2  5秒发送的消息数:18792
发送消息QPS:3758
==================================


接收1  5秒收到的消息数:19949
接收消息QPS:3989
==================================


接收2  5秒收到的消息数:20228
接收消息QPS:4045
==================================


发送1  5秒发送的消息数:21145
发送消息QPS:4229
==================================


发送2  5秒发送的消息数:19659
发送消息QPS:3931
==================================


接收1  5秒收到的消息数:19840
接收消息QPS:3968
==================================


接收2  5秒收到的消息数:19642
接收消息QPS:3928
==================================


发送1  5秒发送的消息数:20054
发送消息QPS:4010
==================================


发送2  5秒发送的消息数:18817
发送消息QPS:3763
==================================


接收2  5秒收到的消息数:19880
接收消息QPS:3976
==================================


接收1  5秒收到的消息数:20077
接收消息QPS:4015
==================================


发送1  5秒发送的消息数:21224
发送消息QPS:4244
==================================


发送2  5秒发送的消息数:19611
发送消息QPS:3922
==================================


接收2  5秒收到的消息数:19500
接收消息QPS:3900
==================================


接收1  5秒收到的消息数:19350
接收消息QPS:3870
==================================


发送1  5秒发送的消息数:19062
发送消息QPS:3812
==================================


发送2  5秒发送的消息数:18731
发送消息QPS:3746
==================================


接收2  5秒收到的消息数:17800
接收消息QPS:3560
==================================


接收1  5秒收到的消息数:18050
接收消息QPS:3610
==================================


发送1  5秒发送的消息数:18429
发送消息QPS:3685
==================================


发送2  5秒发送的消息数:18007
发送消息QPS:3601
==================================


接收2  5秒收到的消息数:19681
接收消息QPS:3936
==================================


接收1  5秒收到的消息数:19500
接收消息QPS:3900
==================================


发送1  5秒发送的消息数:20744
发送消息QPS:4148
==================================


发送2  5秒发送的消息数:19417
发送消息QPS:3883
==================================


接收2  5秒收到的消息数:19898
接收1  5秒收到的消息数:20013
接收消息QPS:3979
==================================
接收消息QPS:4002


==================================


发送1  5秒发送的消息数:20055
发送消息QPS:4011
==================================


发送2  5秒发送的消息数:18649
发送消息QPS:3729
==================================


接收2  5秒收到的消息数:19542
接收消息QPS:3908
接收1  5秒收到的消息数:19379
==================================
接收消息QPS:3875


==================================


发送1  5秒发送的消息数:20535
发送消息QPS:4107
==================================


发送2  5秒发送的消息数:19813
发送消息QPS:3962
==================================


接收1  5秒收到的消息数:17908
接收消息QPS:3581
==================================


接收2  5秒收到的消息数:18129
接收消息QPS:3625
==================================


发送1  5秒发送的消息数:16703
发送消息QPS:3340
==================================


发送2  5秒发送的消息数:16377
发送消息QPS:3275
==================================


接收1  5秒收到的消息数:19079
接收消息QPS:3815
==================================


接收2  5秒收到的消息数:18850
接收消息QPS:3770
==================================


发送1  5秒发送的消息数:20746
发送消息QPS:4149
==================================


发送2  5秒发送的消息数:19225
发送消息QPS:3845
==================================


接收2  5秒收到的消息数:19714
接收消息QPS:3942
==================================


接收1  5秒收到的消息数:19495
接收消息QPS:3899
==================================


发送1  5秒发送的消息数:20394
发送消息QPS:4078
==================================


发送2  5秒发送的消息数:18777
发送消息QPS:3755
==================================


接收1  5秒收到的消息数:19561
接收消息QPS:3793
接收消息QPS:3912
============


==================================


发送1  5秒发送的消息数:20295
发送消息QPS:4059
==================================


发送2  5秒发送的消息数:18646
发送消息QPS:3729
==================================


接收1  5秒收到的消息数:19823
接收2  5秒收到的消息数:19797
接收消息QPS:3964
接收消息QPS:3959
==================================
==================================




发送1  5秒发送的消息数:20760
发送消息QPS:4152
==================================


发送2  5秒发送的消息数:19288
发送消息QPS:3857
==================================


接收2  5秒收到的消息数:20153
接收消息QPS:4030
接收1  5秒收到的消息数:20088
==================================
接收消息QPS:4017


==================================


发送1  5秒发送的消息数:19794
发送消息QPS:3958
==================================


发送2  5秒发送的消息数:18671
发送消息QPS:3734
==================================


接收2  5秒收到的消息数:18168
接收消息QPS:3633
==================================


接收1  5秒收到的消息数:18404
接收消息QPS:3680
==================================


发送1  5秒发送的消息数:21181
发送消息QPS:4236
==================================


发送2  5秒发送的消息数:18704
发送消息QPS:3740
==================================


接收1  5秒收到的消息数:19950
接收消息QPS:3990
==================================


接收2  5秒收到的消息数:19800
接收消息QPS:3960
==================================


发送1  5秒发送的消息数:19565
发送消息QPS:3913
==================================


发送2  5秒发送的消息数:17920
发送消息QPS:3584
==================================


接收1  5秒收到的消息数:18529
接收消息QPS:3705
==================================


接收2  5秒收到的消息数:18500
接收消息QPS:3700
==================================


发送1  5秒发送的消息数:19581
发送消息QPS:3916
==================================


发送2  5秒发送的消息数:17593
发送消息QPS:3518
==================================


接收2  5秒收到的消息数:18650
接收1  5秒收到的消息数:18771
接收消息QPS:3730
接收消息QPS:3754
==================================
==================================




发送1  5秒发送的消息数:20245
发送消息QPS:4049
==================================


发送2  5秒发送的消息数:18592
发送消息QPS:3718
==================================


接收2  5秒收到的消息数:20200
接收消息QPS:4040
==================================


接收1  5秒收到的消息数:20250
接收消息QPS:4050
==================================


发送1  5秒发送的消息数:20103
发送消息QPS:4020
==================================


发送2  5秒发送的消息数:18866
发送消息QPS:3773
==================================


接收1  5秒收到的消息数:19400
接收消息QPS:3880
==================================


接收2  5秒收到的消息数:19700
接收消息QPS:3940
==================================


