发送1  5秒发送的消息数:12695
发送消息QPS:2748
发送消息QPS:2539
==================================
==================================




接收1  5秒收到的消息数:28081
接收消息QPS:5616
==================================


发送1  5秒发送的消息数:13878
发送消息QPS:2775
==================================


消息QPS:2427
==================================


接收1  5秒收到的消息数:26054
接收消息QPS:5210
==================================


发送1  5秒发送的消息数:14044
发送消息QPS:2808
发送2  5秒发送的消息数:12162
==================================


发送消息QPS:2432
==================================


接收1  5秒收到的消息数:24625
接收消息QPS:4925
==================================


发送1  5秒发送的消息数:13366
发送消息QPS:2673
发送消息QPS:2586
==================================
==================================




接收1  5秒收到的消息数:24648
接收消息QPS:4929
==================================


发送1  5秒发送的消息数:12550
发送消息QPS:2111
==================================
==================================




接收1  5秒收到的消息数:25240
接收消息QPS:5048
==================================


发送2  5秒发送的消息数:11809
发送1  5秒发送的消息数:13315
发送消息QPS:2663
==================================


发送消息QPS:2361
==================================


接收1  5秒收到的消息数:24726
接收消息QPS:4945
==================================


发送1  5秒发送的消息数:13728
发送消息QPS:2432
发送消息QPS:2745
==================================
==================================




接收1  5秒收到的消息数:24636
接收消息QPS:4927
==================================


发送1  5秒发送的消息数:13744
发送2  5秒发送的消息数:11772
发送消息QPS:2354
发送消息QPS:2748
==================================
==================================


接收1  5秒收到的消息数:24510
接收消息QPS:4902
==================================


发送1  5秒发送的消息数:13619
发送2  5秒发送的消息数:11620
发送消息QPS:2723
==================================
发送消息QPS:2324
==================================


接收1  5秒收到的消息数:24381
接收消息QPS:4876
==================================


发送2  5秒发送的消息数:11262
发送1  5秒发送的消息数:13859
发送消息QPS:2771
发送消息QPS:2252
==================================
==================================




接收1  5秒收到的消息数:31310
接收消息QPS:6262
==================================


发送1  5秒发送的消息数:14401
发送2  5秒发送的消息数:14525
发送消息QPS:2880
发送消息QPS:2905
==================================


==================================


接收1  5秒收到的消息数:27535
接收消息QPS:5507
==================================


发送2  5秒发送的消息数:12140
发送消息QPS:2858
发送消息QPS:2428
==================================
==================================




接收1  5秒收到的消息数:27028
接收消息QPS:5405
==================================


发送2  5秒发送的消息数:15730
发送1  5秒发送的消息数:14490
发送消息QPS:3146
==================================


==================================


接收1  5秒收到的消息数:31157
接收消息QPS:6231
==================================


发送2  5秒发送的消息数:15579
发送1  5秒发送的消息数:14734
发送消息QPS:3115
发送消息QPS:2946
==================================
==================================




接收1  5秒收到的消息数:29778
接收消息QPS:5955
==================================


发送1  5秒发送的消息数:14627
发送消息QPS:3228
==================================
发送消息QPS:2925
==================================


接收1  5秒收到的消息数:29956
接收消息QPS:5991
==================================


发送1  5秒发送的消息数:14013
发送消息QPS:2802
发送消息QPS:2568
==================================
==================================




接收1  5秒收到的消息数:26538
接收消息QPS:5307
==================================


发送2  5秒发送的消息数:12345
发送消息QPS:2794
==================================
==================================




接收1  5秒收到的消息数:26009
接收消息QPS:5201
==================================


发送2  5秒发送的消息数:12267
发送1  5秒发送的消息数:13716
发送消息QPS:2453
发送消息QPS:2743
==================================
==================================




接收1  5秒收到的消息数:24550
接收消息QPS:4910
==================================


发送1  5秒发送的消息数:13569
发送2  5秒发送的消息数:12668
发送消息QPS:2713
==================================




接收1  5秒收到的消息数:24641
接收消息QPS:4928
==================================


发送2  5秒发送的消息数:12541
发送消息QPS:2716
==================================
发送消息QPS:2508


==================================


接收1  5秒收到的消息数:24459
接收消息QPS:4891
==================================


发送1  5秒发送的消息数:13451
发送2  5秒发送的消息数:11507
发送消息QPS:2690
发送消息QPS:2301
==================================
==================================




接收1  5秒收到的消息数:24857
接收消息QPS:4971
==================================


发送2  5秒发送的消息数:11169
发送1  5秒发送的消息数:12742
发送消息QPS:2233
发送消息QPS:2548
==================================
==================================




接收1  5秒收到的消息数:30731
接收消息QPS:6146
==================================


发送1  5秒发送的消息数:14451
发送消息QPS:3149
发送消息QPS:2890
============


==================================


接收1  5秒收到的消息数:29666
接收消息QPS:5933
==================================


