发送1  5秒发送的消息数:22754
发送2  5秒发送的消息数:22315
发送消息QPS:4550
发送消息QPS:4463
==================================
==================================




接收1  5秒收到的消息数:14151
接收消息QPS:2830
==================================


接收3  5秒收到的消息数:14151
接收消息QPS:2830
==================================


接收2  5秒收到的消息数:14205
接收消息QPS:2841
==================================


发送2  5秒发送的消息数:13929
发送1  5秒发送的消息数:15907
发送消息QPS:2785
发送消息QPS:3181
==================================


==================================


接收3  5秒收到的消息数:14832
接收1  5秒收到的消息数:14863
接收消息QPS:2972
接收消息QPS:2966
==================================


==================================


接收2  5秒收到的消息数:14820
接收消息QPS:2964
==================================


发送1  5秒发送的消息数:22258
发送消息QPS:3668
==================================
发送消息QPS:4451


==================================


接收3  5秒收到的消息数:13296
接收消息QPS:2659
==================================
接收消息QPS:2662
==================================


接收2  5秒收到的消息数:13256
接收消息QPS:2651
==================================


发送2  5秒发送的消息数:20212
发送消息QPS:4042
发送消息QPS:4260
==================================
==================================




接收3  5秒收到的消息数:13145
接收1  5秒收到的消息数:13150
接收消息QPS:2629
接收消息QPS:2630
==================================
==================================


接收2  5秒收到的消息数:13135
接收消息QPS:2627
==================================


发送2  5秒发送的消息数:21817
发送1  5秒发送的消息数:20305
发送消息QPS:4363
==================================


发送消息QPS:4061
==================================


接收1  5秒收到的消息数:13295
接收3  5秒收到的消息数:13254
==================================


接收消息QPS:2650
==================================


接收2  5秒收到的消息数:13320
接收消息QPS:2664
==================================


发送1  5秒发送的消息数:19170
发送消息QPS:4690
发送消息QPS:3834
==================================
==================================




接收3  5秒收到的消息数:13499
接收消息QPS:2699
==================================
接收1  5秒收到的消息数:13530


接收消息QPS:2706
==================================


接收2  5秒收到的消息数:13427
接收消息QPS:2685
==================================


发送1  5秒发送的消息数:17263
发送2  5秒发送的消息数:20297
发送消息QPS:4059
发送消息QPS:3452
==================================
==================================




接收3  5秒收到的消息数:12876
接收1  5秒收到的消息数:12842
接收消息QPS:2575
==================================
接收消息QPS:2568
==================================




接收2  5秒收到的消息数:12916
接收消息QPS:2583
==================================


发送2  5秒发送的消息数:19094
发送1  5秒发送的消息数:21442
发送消息QPS:3818
发送消息QPS:4288
==================================
==================================




接收3  5秒收到的消息数:13580
接收消息QPS:2716
==================================


接收1  5秒收到的消息数:13582
接收消息QPS:2716
==================================


接收2  5秒收到的消息数:13581
接收消息QPS:2716
==================================


发送1  5秒发送的消息数:22199
发送消息QPS:4099
==================================
发送消息QPS:4439


==================================


接收3  5秒收到的消息数:13018
接收消息QPS:2603
==================================
接收消息QPS:2588
==================================




接收2  5秒收到的消息数:13043
接收消息QPS:2608
==================================


发送1  5秒发送的消息数:20523
发送消息QPS:4104
发送消息QPS:3760
==================================
==================================




接收1  5秒收到的消息数:12815
接收3  5秒收到的消息数:12665
接收消息QPS:2563
接收消息QPS:2533
==================================
==================================




接收2  5秒收到的消息数:12748
接收消息QPS:2549
==================================


发送1  5秒发送的消息数:18765
发送消息QPS:3403
发送消息QPS:3753
==================================


==================================


接收3  5秒收到的消息数:12891
接收消息QPS:2578
==================================


接收1  5秒收到的消息数:12922
接收消息QPS:2584
==================================


接收2  5秒收到的消息数:13003
接收消息QPS:2600
==================================


发送2  5秒发送的消息数:18983
发送1  5秒发送的消息数:20301
发送消息QPS:4060
发送消息QPS:3796
==================================


==================================


接收3  5秒收到的消息数:13168
接收消息QPS:2633
接收消息QPS:2662
==================================
==================================


接收2  5秒收到的消息数:13188
接收消息QPS:2637
==================================


发送2  5秒发送的消息数:20479
发送消息QPS:4095
发送消息QPS:4234
==================================


==================================


接收1  5秒收到的消息数:12786
接收消息QPS:2557
==================================
接收3  5秒收到的消息数:12808
接收消息QPS:2561
==================================




接收2  5秒收到的消息数:12832
接收消息QPS:2566
==================================


发送2  5秒发送的消息数:19055
发送消息QPS:3811
发送消息QPS:4050
==================================
==================================




接收3  5秒收到的消息数:13374
接收消息QPS:2688
接收消息QPS:2674
==================================
==================================




接收2  5秒收到的消息数:13688
接收消息QPS:2737
==================================


发送1  5秒发送的消息数:20857
发送消息QPS:3915
发送消息QPS:4171
==================================
==================================




接收3  5秒收到的消息数:13061
接收1  5秒收到的消息数:13005
接收消息QPS:2601
==================================
接收消息QPS:2612
==================================




接收2  5秒收到的消息数:12939
接收消息QPS:2587
==================================


发送1  5秒发送的消息数:21688
发送消息QPS:4037
==================================
发送消息QPS:4337


==================================


接收1  5秒收到的消息数:13412
接收消息QPS:2699
==================================
接收消息QPS:2682
==================================




接收2  5秒收到的消息数:13501
接收消息QPS:2700
==================================


发送2  5秒发送的消息数:20134
发送消息QPS:4224
==================================
发送消息QPS:4026


==================================


接收3  5秒收到的消息数:12900
接收消息QPS:2565
接收消息QPS:2580
==================================
==================================




接收2  5秒收到的消息数:12826
接收消息QPS:2565
==================================


发送1  5秒发送的消息数:20789
发送2  5秒发送的消息数:19240
发送消息QPS:4157
发送消息QPS:3848
==================================
==================================




接收1  5秒收到的消息数:13804
接收消息QPS:2760
==================================
接收3  5秒收到的消息数:13781
接收消息QPS:2756


==================================


接收2  5秒收到的消息数:13795
接收消息QPS:2759
==================================


发送2  5秒发送的消息数:17240
发送消息QPS:4690
==================================
发送消息QPS:3448


==================================


接收1  5秒收到的消息数:13061
接收消息QPS:2612
接收消息QPS:2600
==================================


==================================


接收2  5秒收到的消息数:12930
接收消息QPS:2586
==================================


发送2  5秒发送的消息数:19579
发送1  5秒发送的消息数:20711
发送消息QPS:3915
发送消息QPS:4142
==================================
==================================




接收3  5秒收到的消息数:13070
接收消息QPS:2614
==================================


接收1  5秒收到的消息数:13150
接收消息QPS:2630
==================================


接收2  5秒收到的消息数:13198
接收消息QPS:2639
==================================


发送2  5秒发送的消息数:19873
发送1  5秒发送的消息数:20543
发送消息QPS:3974
发送消息QPS:4108
==================================
==================================


接收3  5秒收到的消息数:13267
接收1  5秒收到的消息数:13245
接收消息QPS:2653
==================================
接收消息QPS:2649


==================================


接收2  5秒收到的消息数:13115
接收消息QPS:2623
==================================


发送1  5秒发送的消息数:23468
发送2  5秒发送的消息数:22124
发送消息QPS:4424
发送消息QPS:4693
==================================
==================================




接收1  5秒收到的消息数:13941
接收3  5秒收到的消息数:14031
接收消息QPS:2788
==================================


接收消息QPS:2806
==================================


接收2  5秒收到的消息数:14036
接收消息QPS:2807
==================================


发送1  5秒发送的消息数:24858
发送消息QPS:4587
发送消息QPS:4971
==================================
==================================




接收3  5秒收到的消息数:13439
接收1  5秒收到的消息数:13408
接收消息QPS:2687
接收消息QPS:2681
==================================


==================================


接收2  5秒收到的消息数:13371
接收消息QPS:2674
==================================


发送1  5秒发送的消息数:21197
发送消息QPS:4012
==================================


消息QPS:4239
==================================


接收3  5秒收到的消息数:13182
接收消息QPS:2636
==================================


接收1  5秒收到的消息数:13056
接收消息QPS:2611
==================================


接收2  5秒收到的消息数:13096
接收消息QPS:2619
==================================


发送2  5秒发送的消息数:18965
发送消息QPS:3985
发送消息QPS:3793
==================================




接收3  5秒收到的消息数:13189
接收1  5秒收到的消息数:13372
接收消息QPS:2637
==================================


接收消息QPS:2674
==================================


接收2  5秒收到的消息数:13348
接收消息QPS:2669
==================================


发送1  5秒发送的消息数:20702
发送消息QPS:3897
发送消息QPS:4140
==================================


==================================


接收1  5秒收到的消息数:13100
接收消息QPS:2620
接收3  5秒收到的消息数:13092
==================================
接收消息QPS:2618


==================================


接收2  5秒收到的消息数:13204
接收消息QPS:2640
==================================


发送1  5秒发送的消息数:19859
发送消息QPS:3734
==================================
==================================




接收3  5秒收到的消息数:13080
接收消息QPS:2616
接收1  5秒收到的消息数:13002
==================================
接收消息QPS:2600


==================================


接收2  5秒收到的消息数:12918
接收消息QPS:2583
==================================


发送1  5秒发送的消息数:20179
发送2  5秒发送的消息数:18646
发送消息QPS:4035
==================================
发送消息QPS:3729
==================================




接收1  5秒收到的消息数:13040
接收3  5秒收到的消息数:13020
接收消息QPS:2608
==================================
接收消息QPS:2604


==================================


接收2  5秒收到的消息数:12986
接收消息QPS:2597
==================================


发送2  5秒发送的消息数:19739
发送消息QPS:3947
发送消息QPS:4325
==================================
==================================




接收3  5秒收到的消息数:13830
接收消息QPS:2766
==================================
接收1  5秒收到的消息数:13736


接收消息QPS:2747
==================================


接收2  5秒收到的消息数:13670
接收消息QPS:2734
==================================


发送1  5秒发送的消息数:21085
发送2  5秒发送的消息数:19166
发送消息QPS:4217
发送消息QPS:3833
==================================


==================================


接收1  5秒收到的消息数:13891
接收消息QPS:2763
接收消息QPS:2778
============


==================================


接收2  5秒收到的消息数:13933
接收消息QPS:2786
==================================


发送1  5秒发送的消息数:18830
发送消息QPS:3762
==================================


发送消息QPS:3766
==================================


接收3  5秒收到的消息数:12699
接收1  5秒收到的消息数:12767
接收消息QPS:2539
接收消息QPS:2553
==================================
==================================




接收2  5秒收到的消息数:12742
接收消息QPS:2548
==================================


发送1  5秒发送的消息数:15162
发送消息QPS:3032
==================================
发送消息QPS:3502


==================================


接收1  5秒收到的消息数:13162
接收3  5秒收到的消息数:13153
接收消息QPS:2632
接收消息QPS:2630
==================================
==================================




接收2  5秒收到的消息数:13131
接收消息QPS:2626
==================================


发送1  5秒发送的消息数:25190
发送消息QPS:5038
发送2  5秒发送的消息数:23448
==================================
发送消息QPS:4689


==================================


接收3  5秒收到的消息数:13329
接收1  5秒收到的消息数:13330
接收消息QPS:2666
==================================
接收消息QPS:2665


==============================


接收2  5秒收到的消息数:13344
接收消息QPS:2668
==================================


发送1  5秒发送的消息数:20343
发送消息QPS:3755
发送消息QPS:4068
==================================
==================================




接收3  5秒收到的消息数:13313
接收消息QPS:2662
接收1  5秒收到的消息数:13264
接收消息QPS:2652
==================================
==================================




接收2  5秒收到的消息数:13306
接收消息QPS:2661
==================================


发送2  5秒发送的消息数:19823
发送消息QPS:3964
发送消息QPS:4283
==================================
==================================




接收1  5秒收到的消息数:13615
接收3  5秒收到的消息数:13566
接收消息QPS:2723
接收消息QPS:2713
==================================
==================================




接收2  5秒收到的消息数:13701
接收消息QPS:2740
==================================


发送1  5秒发送的消息数:21535
发送消息QPS:4307
==================================
==================================




接收1  5秒收到的消息数:13384
接收消息QPS:2676
==================================


接收3  5秒收到的消息数:13300
接收消息QPS:2660
==================================


接收2  5秒收到的消息数:13368
接收消息QPS:2673
==================================


发送2  5秒发送的消息数:18140
发送消息QPS:3628
发送消息QPS:3873
==================================
==================================




接收1  5秒收到的消息数:13380
接收3  5秒收到的消息数:13364
接收消息QPS:2676
接收消息QPS:2672
==================================


==================================


接收2  5秒收到的消息数:13402
接收消息QPS:2680
==================================


发送1  5秒发送的消息数:20463
发送消息QPS:3913
==================================
发送消息QPS:4092
==================================


接收1  5秒收到的消息数:12879
接收3  5秒收到的消息数:12907
接收消息QPS:2575
接收消息QPS:2581
==================================
==================================




接收2  5秒收到的消息数:12936
接收消息QPS:2587
==================================


