发送1  5秒发送的消息数:12275
发送消息QPS:2455
==================================


接收1  5秒收到的消息数:12435
接收消息QPS:2487
==================================


发送1  5秒发送的消息数:12266
发送消息QPS:2453
==================================


接收1  5秒收到的消息数:12240
接收消息QPS:2448
==================================


发送1  5秒发送的消息数:12224
发送消息QPS:2444
==================================


接收1  5秒收到的消息数:11845
接收消息QPS:2369
==================================


发送1  5秒发送的消息数:10564
发送消息QPS:2112
==================================


接收1  5秒收到的消息数:11145
接收消息QPS:2229
==================================


发送1  5秒发送的消息数:12646
发送消息QPS:2529
==================================


接收1  5秒收到的消息数:11862
接收消息QPS:2372
==================================


发送1  5秒发送的消息数:9644
发送消息QPS:1928
==================================


接收1  5秒收到的消息数:9028
接收消息QPS:1805
==================================


发送1  5秒发送的消息数:9606
发送消息QPS:1921
==================================


接收1  5秒收到的消息数:10776
接收消息QPS:2155
==================================


发送1  5秒发送的消息数:11750
发送消息QPS:2350
==================================


接收1  5秒收到的消息数:11440
接收消息QPS:2288
==================================


发送1  5秒发送的消息数:11798
发送消息QPS:2359
==================================


接收1  5秒收到的消息数:12014
接收消息QPS:2402
==================================


发送1  5秒发送的消息数:11566
发送消息QPS:2313
==================================


接收1  5秒收到的消息数:11894
接收消息QPS:2378
==================================


发送1  5秒发送的消息数:11649
发送消息QPS:2329
==================================


接收1  5秒收到的消息数:10748
接收消息QPS:2149
==================================


发送1  5秒发送的消息数:11098
发送消息QPS:2219
==================================


接收1  5秒收到的消息数:12059
接收消息QPS:2411
==================================


发送1  5秒发送的消息数:11754
发送消息QPS:2350
==================================


接收1  5秒收到的消息数:11716
接收消息QPS:2343
==================================


发送1  5秒发送的消息数:12498
发送消息QPS:2499
==================================


接收1  5秒收到的消息数:11954
接收消息QPS:2390
==================================


发送1  5秒发送的消息数:10738
发送消息QPS:2147
==================================


接收1  5秒收到的消息数:9734
接收消息QPS:1946
==================================


